[2019-07-21 01:13:23,328][INFO] any info message - [id:10][instance:6] - [COMP-4][file-13.c][function-1][ln:211]
[2019-07-21 01:13:24,839][INFO] any info message - [id:10][instance:3] - [COMP-13][file-2.c][function-9][ln:670]
[2019-07-21 01:13:26,340][INFO] any info message - [id:10][instance:6] - [COMP-5][file-6.c][function-8][ln:286]
[2019-07-21 01:13:27,840][INFO] any info message - [id:10][instance:6] - [COMP-7][file-7.c][function-3][ln:988]
[2019-07-21 01:13:29,340][INFO] any info message - [id:10][instance:3] - [COMP-11][file-10.c][function-5][ln:444]
[2019-07-21 01:13:29,484][WARNING] Here is a warning message - [id:10][instance:4] - [COMP-1][file-2.c][function-6][ln:200]
[2019-07-21 01:13:29,755][DEBUG] any debug message - [id:10][instance:4] - [COMP-4][file-10.c][function-9][ln:635]
[2019-07-21 01:13:30,870][INFO] any info message - [id:10][instance:3] - [COMP-5][file-10.c][function-13][ln:711]
[2019-07-21 01:13:32,371][INFO] any info message - [id:10][instance:4] - [COMP-1][file-12.c][function-8][ln:805]
[2019-07-21 01:13:33,872][INFO] any info message - [id:10][instance:6] - [COMP-12][file-5.c][function-2][ln:407]
[2019-07-21 01:13:35,372][INFO] any info message - [id:10][instance:6] - [COMP-9][file-5.c][function-7][ln:805]
[2019-07-21 01:13:36,872][INFO] any info message - [id:10][instance:7] - [COMP-12][file-5.c][function-13][ln:961]
[2019-07-21 01:13:38,375][INFO] any info message - [id:10][instance:2] - [COMP-8][file-2.c][function-2][ln:893]
[2019-07-21 01:13:39,875][INFO] any info message - [id:10][instance:2] - [COMP-3][file-5.c][function-13][ln:834]
[2019-07-21 01:13:41,388][INFO] any info message - [id:10][instance:6] - [COMP-1][file-9.c][function-5][ln:742]
[2019-07-21 01:13:42,889][INFO] any info message - [id:10][instance:4] - [COMP-8][file-5.c][function-6][ln:96]
[2019-07-21 01:13:44,389][INFO] any info message - [id:10][instance:2] - [COMP-11][file-1.c][function-4][ln:928]
[2019-07-21 01:13:44,755][DEBUG] any debug message - [id:10][instance:2] - [COMP-12][file-5.c][function-8][ln:111]
[2019-07-21 01:13:45,890][INFO] any info message - [id:10][instance:1] - [COMP-2][file-2.c][function-10][ln:353]
[2019-07-21 01:13:47,390][INFO] any info message - [id:10][instance:7] - [COMP-2][file-3.c][function-5][ln:743]
[2019-07-21 01:13:48,891][INFO] any info message - [id:10][instance:4] - [COMP-13][file-5.c][function-12][ln:65]
[2019-07-21 01:13:50,391][INFO] any info message - [id:10][instance:7] - [COMP-4][file-7.c][function-7][ln:568]
[2019-07-21 01:13:51,891][INFO] any info message - [id:10][instance:5] - [COMP-11][file-2.c][function-13][ln:329]
[2019-07-21 01:13:53,393][INFO] any info message - [id:10][instance:4] - [COMP-5][file-8.c][function-2][ln:192]
[2019-07-21 01:13:54,894][INFO] any info message - [id:10][instance:7] - [COMP-11][file-9.c][function-10][ln:134]
[2019-07-21 01:13:56,395][INFO] any info message - [id:10][instance:6] - [COMP-12][file-9.c][function-9][ln:708]
[2019-07-21 01:13:57,896][INFO] any info message - [id:10][instance:4] - [COMP-6][file-2.c][function-6][ln:186]
[2019-07-21 01:13:59,203][ERROR] It is an error message - [id:10][instance:7] - [COMP-4][file-4.c][function-8][ln:749]
[2019-07-21 01:13:59,400][INFO] any info message - [id:10][instance:2] - [COMP-12][file-1.c][function-4][ln:680]
[2019-07-21 01:13:59,490][WARNING] Here is a warning message - [id:10][instance:2] - [COMP-13][file-6.c][function-10][ln:565]
[2019-07-21 01:13:59,755][DEBUG] any debug message - [id:10][instance:2] - [COMP-6][file-12.c][function-9][ln:902]
[2019-07-21 01:14:00,900][INFO] any info message - [id:10][instance:3] - [COMP-9][file-13.c][function-4][ln:624]
[2019-07-21 01:14:02,400][INFO] any info message - [id:10][instance:1] - [COMP-5][file-8.c][function-11][ln:938]
[2019-07-21 01:14:03,902][INFO] any info message - [id:10][instance:7] - [COMP-4][file-2.c][function-1][ln:867]
[2019-07-21 01:14:05,403][INFO] any info message - [id:10][instance:4] - [COMP-3][file-6.c][function-2][ln:709]
[2019-07-21 01:14:06,906][INFO] any info message - [id:10][instance:6] - [COMP-8][file-12.c][function-4][ln:707]
[2019-07-21 01:14:08,408][INFO] any info message - [id:10][instance:5] - [COMP-3][file-3.c][function-6][ln:779]
[2019-07-21 01:14:09,909][INFO] any info message - [id:10][instance:7] - [COMP-2][file-12.c][function-8][ln:826]
[2019-07-21 01:14:11,410][INFO] any info message - [id:10][instance:7] - [COMP-8][file-3.c][function-10][ln:997]
[2019-07-21 01:14:12,911][INFO] any info message - [id:10][instance:5] - [COMP-11][file-4.c][function-2][ln:864]
[2019-07-21 01:14:14,411][INFO] any info message - [id:10][instance:7] - [COMP-1][file-2.c][function-3][ln:410]
[2019-07-21 01:14:14,756][DEBUG] any debug message - [id:10][instance:3] - [COMP-11][file-3.c][function-3][ln:445]
[2019-07-21 01:14:15,912][INFO] any info message - [id:10][instance:3] - [COMP-10][file-1.c][function-7][ln:897]
[2019-07-21 01:14:17,412][INFO] any info message - [id:10][instance:6] - [COMP-2][file-13.c][function-5][ln:241]
[2019-07-21 01:14:18,913][INFO] any info message - [id:10][instance:3] - [COMP-9][file-9.c][function-8][ln:620]
[2019-07-21 01:14:20,447][INFO] any info message - [id:10][instance:7] - [COMP-10][file-13.c][function-13][ln:903]
[2019-07-21 01:14:21,947][INFO] any info message - [id:10][instance:2] - [COMP-4][file-4.c][function-2][ln:816]
[2019-07-21 01:14:23,450][INFO] any info message - [id:10][instance:7] - [COMP-5][file-1.c][function-4][ln:385]
[2019-07-21 01:14:24,962][INFO] any info message - [id:10][instance:1] - [COMP-3][file-8.c][function-7][ln:716]
[2019-07-21 01:14:26,466][INFO] any info message - [id:10][instance:2] - [COMP-12][file-5.c][function-10][ln:131]
[2019-07-21 01:14:27,965][INFO] any info message - [id:10][instance:1] - [COMP-4][file-7.c][function-1][ln:636]
[2019-07-21 01:14:29,488][INFO] any info message - [id:10][instance:1] - [COMP-13][file-5.c][function-10][ln:903]
[2019-07-21 01:14:29,499][WARNING] Here is a warning message - [id:10][instance:3] - [COMP-7][file-4.c][function-5][ln:567]
[2019-07-21 01:14:29,806][DEBUG] any debug message - [id:10][instance:5] - [COMP-3][file-1.c][function-1][ln:464]
[2019-07-21 01:14:30,988][INFO] any info message - [id:10][instance:3] - [COMP-5][file-11.c][function-13][ln:618]
[2019-07-21 01:14:32,489][INFO] any info message - [id:10][instance:5] - [COMP-2][file-12.c][function-11][ln:569]
[2019-07-21 01:14:33,989][INFO] any info message - [id:10][instance:3] - [COMP-3][file-8.c][function-4][ln:765]
[2019-07-21 01:14:35,491][INFO] any info message - [id:10][instance:2] - [COMP-12][file-2.c][function-4][ln:790]
[2019-07-21 01:14:36,992][INFO] any info message - [id:10][instance:2] - [COMP-4][file-9.c][function-9][ln:946]
[2019-07-21 01:14:38,492][INFO] any info message - [id:10][instance:5] - [COMP-8][file-1.c][function-7][ln:671]
[2019-07-21 01:14:39,992][INFO] any info message - [id:10][instance:7] - [COMP-8][file-1.c][function-12][ln:127]
[2019-07-21 01:14:41,494][INFO] any info message - [id:10][instance:4] - [COMP-7][file-7.c][function-7][ln:43]
[2019-07-21 01:14:42,994][INFO] any info message - [id:10][instance:1] - [COMP-4][file-11.c][function-10][ln:745]
[2019-07-21 01:14:44,494][INFO] any info message - [id:10][instance:2] - [COMP-9][file-11.c][function-6][ln:861]
[2019-07-21 01:14:44,806][DEBUG] any debug message - [id:10][instance:5] - [COMP-4][file-9.c][function-7][ln:198]
[2019-07-21 01:14:45,995][INFO] any info message - [id:10][instance:7] - [COMP-9][file-1.c][function-3][ln:957]
[2019-07-21 01:14:47,565][INFO] any info message - [id:10][instance:7] - [COMP-12][file-7.c][function-6][ln:59]
[2019-07-21 01:14:49,066][INFO] any info message - [id:10][instance:7] - [COMP-5][file-2.c][function-6][ln:204]
[2019-07-21 01:14:50,567][INFO] any info message - [id:10][instance:4] - [COMP-9][file-12.c][function-11][ln:919]
[2019-07-21 01:14:52,067][INFO] any info message - [id:10][instance:7] - [COMP-7][file-10.c][function-6][ln:157]
[2019-07-21 01:14:53,568][INFO] any info message - [id:10][instance:1] - [COMP-8][file-2.c][function-13][ln:514]
[2019-07-21 01:14:55,070][INFO] any info message - [id:10][instance:4] - [COMP-10][file-3.c][function-3][ln:437]
[2019-07-21 01:14:56,570][INFO] any info message - [id:10][instance:5] - [COMP-11][file-10.c][function-11][ln:949]
[2019-07-21 01:14:58,073][INFO] any info message - [id:10][instance:6] - [COMP-7][file-2.c][function-3][ln:118]
[2019-07-21 01:14:59,088][CRITICAL] ATTENTION: This is a critical issue! - [id:10][instance:6] - [COMP-13][file-7.c][function-5][ln:317]
[2019-07-21 01:14:59,204][ERROR] It is an error message - [id:10][instance:1] - [COMP-10][file-7.c][function-5][ln:932]
[2019-07-21 01:14:59,499][WARNING] Here is a warning message - [id:10][instance:4] - [COMP-13][file-10.c][function-3][ln:852]
[2019-07-21 01:14:59,573][INFO] any info message - [id:10][instance:5] - [COMP-7][file-10.c][function-11][ln:806]
[2019-07-21 01:14:59,807][DEBUG] any debug message - [id:10][instance:3] - [COMP-2][file-2.c][function-4][ln:417]
[2019-07-21 01:15:01,074][INFO] any info message - [id:10][instance:2] - [COMP-1][file-13.c][function-7][ln:566]
[2019-07-21 01:15:02,574][INFO] any info message - [id:10][instance:7] - [COMP-8][file-3.c][function-2][ln:713]
[2019-07-21 01:15:04,075][INFO] any info message - [id:10][instance:6] - [COMP-8][file-3.c][function-13][ln:989]
[2019-07-21 01:15:05,576][INFO] any info message - [id:10][instance:4] - [COMP-7][file-7.c][function-12][ln:531]
[2019-07-21 01:15:07,076][INFO] any info message - [id:10][instance:7] - [COMP-6][file-6.c][function-8][ln:666]
[2019-07-21 01:15:08,576][INFO] any info message - [id:10][instance:1] - [COMP-5][file-4.c][function-5][ln:767]
[2019-07-21 01:15:10,076][INFO] any info message - [id:10][instance:7] - [COMP-7][file-8.c][function-9][ln:777]
[2019-07-21 01:15:11,576][INFO] any info message - [id:10][instance:1] - [COMP-6][file-7.c][function-10][ln:324]
[2019-07-21 01:15:13,077][INFO] any info message - [id:10][instance:2] - [COMP-10][file-9.c][function-4][ln:241]
[2019-07-21 01:15:14,578][INFO] any info message - [id:10][instance:6] - [COMP-12][file-9.c][function-4][ln:92]
[2019-07-21 01:15:14,808][DEBUG] any debug message - [id:10][instance:3] - [COMP-1][file-9.c][function-13][ln:361]
[2019-07-21 01:15:16,078][INFO] any info message - [id:10][instance:2] - [COMP-8][file-8.c][function-6][ln:725]
[2019-07-21 01:15:17,580][INFO] any info message - [id:10][instance:1] - [COMP-11][file-1.c][function-4][ln:646]
[2019-07-21 01:15:19,080][INFO] any info message - [id:10][instance:4] - [COMP-10][file-9.c][function-9][ln:333]
[2019-07-21 01:15:20,580][INFO] any info message - [id:10][instance:3] - [COMP-10][file-4.c][function-4][ln:259]
[2019-07-21 01:15:22,081][INFO] any info message - [id:10][instance:4] - [COMP-8][file-7.c][function-11][ln:726]
[2019-07-21 01:15:23,582][INFO] any info message - [id:10][instance:3] - [COMP-10][file-4.c][function-4][ln:366]
[2019-07-21 01:15:25,081][INFO] any info message - [id:10][instance:3] - [COMP-11][file-9.c][function-4][ln:497]
[2019-07-21 01:15:26,581][INFO] any info message - [id:10][instance:7] - [COMP-3][file-10.c][function-12][ln:794]
[2019-07-21 01:15:28,081][INFO] any info message - [id:10][instance:3] - [COMP-9][file-12.c][function-1][ln:503]
[2019-07-21 01:15:29,500][WARNING] Here is a warning message - [id:10][instance:1] - [COMP-11][file-13.c][function-1][ln:753]
[2019-07-21 01:15:29,583][INFO] any info message - [id:10][instance:6] - [COMP-13][file-3.c][function-13][ln:909]
[2019-07-21 01:15:29,808][DEBUG] any debug message - [id:10][instance:3] - [COMP-2][file-12.c][function-9][ln:704]
[2019-07-21 01:15:31,084][INFO] any info message - [id:10][instance:5] - [COMP-12][file-7.c][function-1][ln:795]
[2019-07-21 01:15:32,602][INFO] any info message - [id:10][instance:5] - [COMP-1][file-5.c][function-2][ln:733]
[2019-07-21 01:15:34,103][INFO] any info message - [id:10][instance:7] - [COMP-3][file-4.c][function-10][ln:353]
[2019-07-21 01:15:35,603][INFO] any info message - [id:10][instance:3] - [COMP-9][file-7.c][function-13][ln:304]
[2019-07-21 01:15:37,104][INFO] any info message - [id:10][instance:5] - [COMP-4][file-12.c][function-2][ln:962]
[2019-07-21 01:15:38,610][INFO] any info message - [id:10][instance:3] - [COMP-4][file-7.c][function-2][ln:52]
[2019-07-21 01:15:40,111][INFO] any info message - [id:10][instance:3] - [COMP-4][file-5.c][function-7][ln:248]
[2019-07-21 01:15:41,612][INFO] any info message - [id:10][instance:7] - [COMP-2][file-3.c][function-2][ln:354]
[2019-07-21 01:15:43,112][INFO] any info message - [id:10][instance:1] - [COMP-13][file-13.c][function-4][ln:761]
[2019-07-21 01:15:44,613][INFO] any info message - [id:10][instance:2] - [COMP-12][file-6.c][function-13][ln:876]
[2019-07-21 01:15:44,809][DEBUG] any debug message - [id:10][instance:7] - [COMP-5][file-9.c][function-5][ln:206]
[2019-07-21 01:15:46,114][INFO] any info message - [id:10][instance:6] - [COMP-3][file-5.c][function-9][ln:40]
[2019-07-21 01:15:47,614][INFO] any info message - [id:10][instance:7] - [COMP-10][file-1.c][function-6][ln:860]
[2019-07-21 01:15:49,115][INFO] any info message - [id:10][instance:3] - [COMP-11][file-6.c][function-10][ln:245]
[2019-07-21 01:15:50,615][INFO] any info message - [id:10][instance:1] - [COMP-1][file-1.c][function-6][ln:610]
[2019-07-21 01:15:52,115][INFO] any info message - [id:10][instance:1] - [COMP-2][file-1.c][function-13][ln:461]
[2019-07-21 01:15:53,616][INFO] any info message - [id:10][instance:1] - [COMP-4][file-8.c][function-8][ln:135]
[2019-07-21 01:15:55,116][INFO] any info message - [id:10][instance:5] - [COMP-2][file-9.c][function-1][ln:358]
[2019-07-21 01:15:56,616][INFO] any info message - [id:10][instance:7] - [COMP-8][file-11.c][function-2][ln:821]
[2019-07-21 01:15:58,117][INFO] any info message - [id:10][instance:3] - [COMP-7][file-11.c][function-1][ln:302]
[2019-07-21 01:15:59,205][ERROR] It is an error message - [id:10][instance:2] - [COMP-12][file-11.c][function-4][ln:632]
[2019-07-21 01:15:59,501][WARNING] Here is a warning message - [id:10][instance:7] - [COMP-10][file-10.c][function-1][ln:71]
[2019-07-21 01:15:59,618][INFO] any info message - [id:10][instance:4] - [COMP-2][file-2.c][function-7][ln:295]
[2019-07-21 01:15:59,809][DEBUG] any debug message - [id:10][instance:6] - [COMP-8][file-6.c][function-9][ln:555]
[2019-07-21 01:16:01,129][INFO] any info message - [id:10][instance:5] - [COMP-13][file-9.c][function-10][ln:996]
[2019-07-21 01:16:02,629][INFO] any info message - [id:10][instance:4] - [COMP-6][file-9.c][function-2][ln:634]
[2019-07-21 01:16:04,130][INFO] any info message - [id:10][instance:4] - [COMP-11][file-13.c][function-9][ln:464]
[2019-07-21 01:16:05,631][INFO] any info message - [id:10][instance:4] - [COMP-12][file-3.c][function-11][ln:326]
[2019-07-21 01:16:07,133][INFO] any info message - [id:10][instance:7] - [COMP-6][file-5.c][function-5][ln:702]
[2019-07-21 01:16:08,633][INFO] any info message - [id:10][instance:6] - [COMP-3][file-12.c][function-2][ln:557]
[2019-07-21 01:16:10,136][INFO] any info message - [id:10][instance:2] - [COMP-1][file-2.c][function-3][ln:894]
[2019-07-21 01:16:11,637][INFO] any info message - [id:10][instance:5] - [COMP-12][file-3.c][function-4][ln:628]
[2019-07-21 01:16:13,137][INFO] any info message - [id:10][instance:6] - [COMP-10][file-13.c][function-7][ln:940]
[2019-07-21 01:16:14,637][INFO] any info message - [id:10][instance:1] - [COMP-10][file-6.c][function-10][ln:585]
[2019-07-21 01:16:14,810][DEBUG] any debug message - [id:10][instance:1] - [COMP-5][file-11.c][function-4][ln:54]
[2019-07-21 01:16:16,138][INFO] any info message - [id:10][instance:6] - [COMP-7][file-6.c][function-1][ln:571]
[2019-07-21 01:16:17,639][INFO] any info message - [id:10][instance:2] - [COMP-1][file-8.c][function-1][ln:644]
[2019-07-21 01:16:19,144][INFO] any info message - [id:10][instance:3] - [COMP-3][file-8.c][function-3][ln:745]
[2019-07-21 01:16:20,645][INFO] any info message - [id:10][instance:3] - [COMP-9][file-3.c][function-1][ln:520]
[2019-07-21 01:16:22,147][INFO] any info message - [id:10][instance:1] - [COMP-13][file-4.c][function-5][ln:798]
[2019-07-21 01:16:23,648][INFO] any info message - [id:10][instance:3] - [COMP-11][file-8.c][function-5][ln:267]
[2019-07-21 01:16:25,148][INFO] any info message - [id:10][instance:4] - [COMP-5][file-4.c][function-8][ln:449]
[2019-07-21 01:16:26,694][INFO] any info message - [id:10][instance:2] - [COMP-4][file-1.c][function-6][ln:280]
[2019-07-21 01:16:28,194][INFO] any info message - [id:10][instance:3] - [COMP-9][file-2.c][function-7][ln:368]
[2019-07-21 01:16:29,501][WARNING] Here is a warning message - [id:10][instance:7] - [COMP-12][file-9.c][function-1][ln:25]
[2019-07-21 01:16:29,694][INFO] any info message - [id:10][instance:7] - [COMP-6][file-2.c][function-7][ln:417]
[2019-07-21 01:16:29,811][DEBUG] any debug message - [id:10][instance:3] - [COMP-13][file-6.c][function-12][ln:406]
[2019-07-21 01:16:31,197][INFO] any info message - [id:10][instance:7] - [COMP-3][file-8.c][function-3][ln:211]
[2019-07-21 01:16:32,698][INFO] any info message - [id:10][instance:1] - [COMP-1][file-6.c][function-5][ln:633]
[2019-07-21 01:16:34,198][INFO] any info message - [id:10][instance:4] - [COMP-6][file-5.c][function-5][ln:321]
[2019-07-21 01:16:35,701][INFO] any info message - [id:10][instance:4] - [COMP-4][file-1.c][function-11][ln:902]
[2019-07-21 01:16:37,201][INFO] any info message - [id:10][instance:3] - [COMP-10][file-13.c][function-1][ln:565]
[2019-07-21 01:16:38,734][INFO] any info message - [id:10][instance:6] - [COMP-5][file-6.c][function-2][ln:772]
[2019-07-21 01:16:40,238][INFO] any info message - [id:10][instance:2] - [COMP-9][file-7.c][function-5][ln:917]
[2019-07-21 01:16:41,739][INFO] any info message - [id:10][instance:1] - [COMP-2][file-7.c][function-6][ln:375]
[2019-07-21 01:16:43,240][INFO] any info message - [id:10][instance:6] - [COMP-13][file-5.c][function-6][ln:559]
[2019-07-21 01:16:44,740][INFO] any info message - [id:10][instance:5] - [COMP-7][file-4.c][function-3][ln:878]
[2019-07-21 01:16:44,813][DEBUG] any debug message - [id:10][instance:6] - [COMP-8][file-11.c][function-8][ln:642]
[2019-07-21 01:16:46,241][INFO] any info message - [id:10][instance:5] - [COMP-6][file-4.c][function-2][ln:356]
[2019-07-21 01:16:47,743][INFO] any info message - [id:10][instance:7] - [COMP-5][file-4.c][function-4][ln:780]
[2019-07-21 01:16:49,243][INFO] any info message - [id:10][instance:1] - [COMP-7][file-11.c][function-9][ln:694]
[2019-07-21 01:16:50,743][INFO] any info message - [id:10][instance:7] - [COMP-1][file-7.c][function-9][ln:50]
[2019-07-21 01:16:52,243][INFO] any info message - [id:10][instance:4] - [COMP-8][file-10.c][function-6][ln:605]
[2019-07-21 01:16:53,743][INFO] any info message - [id:10][instance:3] - [COMP-5][file-12.c][function-13][ln:578]
[2019-07-21 01:16:55,244][INFO] any info message - [id:10][instance:6] - [COMP-1][file-5.c][function-5][ln:894]
[2019-07-21 01:16:56,744][INFO] any info message - [id:10][instance:6] - [COMP-13][file-5.c][function-13][ln:634]
[2019-07-21 01:16:58,245][INFO] any info message - [id:10][instance:1] - [COMP-6][file-9.c][function-1][ln:754]
[2019-07-21 01:16:59,088][CRITICAL] ATTENTION: This is a critical issue! - [id:10][instance:4] - [COMP-1][file-13.c][function-11][ln:459]
[2019-07-21 01:16:59,205][ERROR] It is an error message - [id:10][instance:2] - [COMP-7][file-10.c][function-13][ln:96]
[2019-07-21 01:16:59,502][WARNING] Here is a warning message - [id:10][instance:3] - [COMP-5][file-5.c][function-4][ln:978]
[2019-07-21 01:16:59,745][INFO] any info message - [id:10][instance:2] - [COMP-4][file-6.c][function-1][ln:70]
[2019-07-21 01:16:59,813][DEBUG] any debug message - [id:10][instance:7] - [COMP-2][file-12.c][function-10][ln:676]
[2019-07-21 01:17:01,271][INFO] any info message - [id:10][instance:3] - [COMP-1][file-9.c][function-4][ln:630]
[2019-07-21 01:17:02,780][INFO] any info message - [id:10][instance:6] - [COMP-11][file-3.c][function-5][ln:447]
[2019-07-21 01:17:04,280][INFO] any info message - [id:10][instance:6] - [COMP-2][file-1.c][function-1][ln:322]
[2019-07-21 01:17:05,780][INFO] any info message - [id:10][instance:4] - [COMP-9][file-4.c][function-5][ln:254]
[2019-07-21 01:17:07,280][INFO] any info message - [id:10][instance:6] - [COMP-1][file-13.c][function-13][ln:496]
[2019-07-21 01:17:08,794][INFO] any info message - [id:10][instance:3] - [COMP-4][file-10.c][function-12][ln:143]
[2019-07-21 01:17:10,295][INFO] any info message - [id:10][instance:7] - [COMP-11][file-8.c][function-9][ln:43]
[2019-07-21 01:17:11,795][INFO] any info message - [id:10][instance:2] - [COMP-1][file-2.c][function-1][ln:125]
[2019-07-21 01:17:13,297][INFO] any info message - [id:10][instance:4] - [COMP-11][file-3.c][function-12][ln:376]
[2019-07-21 01:17:14,797][INFO] any info message - [id:10][instance:5] - [COMP-4][file-2.c][function-9][ln:339]
[2019-07-21 01:17:14,814][DEBUG] any debug message - [id:10][instance:2] - [COMP-7][file-7.c][function-12][ln:133]
[2019-07-21 01:17:16,298][INFO] any info message - [id:10][instance:5] - [COMP-7][file-12.c][function-4][ln:186]
[2019-07-21 01:17:17,798][INFO] any info message - [id:10][instance:5] - [COMP-10][file-6.c][function-13][ln:165]
[2019-07-21 01:17:19,306][INFO] any info message - [id:10][instance:6] - [COMP-7][file-2.c][function-2][ln:846]
[2019-07-21 01:17:20,809][INFO] any info message - [id:10][instance:3] - [COMP-11][file-8.c][function-9][ln:176]
[2019-07-21 01:17:22,312][INFO] any info message - [id:10][instance:7] - [COMP-3][file-5.c][function-3][ln:474]
[2019-07-21 01:17:23,812][INFO] any info message - [id:10][instance:6] - [COMP-10][file-8.c][function-12][ln:561]
[2019-07-21 01:17:25,313][INFO] any info message - [id:10][instance:2] - [COMP-6][file-12.c][function-4][ln:68]
[2019-07-21 01:17:26,814][INFO] any info message - [id:10][instance:1] - [COMP-7][file-11.c][function-8][ln:284]
[2019-07-21 01:17:28,320][INFO] any info message - [id:10][instance:1] - [COMP-4][file-3.c][function-2][ln:738]
[2019-07-21 01:17:29,504][WARNING] Here is a warning message - [id:10][instance:3] - [COMP-11][file-5.c][function-3][ln:258]
[2019-07-21 01:17:29,815][DEBUG] any debug message - [id:10][instance:4] - [COMP-1][file-12.c][function-11][ln:409]
[2019-07-21 01:17:29,821][INFO] any info message - [id:10][instance:3] - [COMP-8][file-5.c][function-6][ln:125]
[2019-07-21 01:17:31,321][INFO] any info message - [id:10][instance:3] - [COMP-5][file-13.c][function-13][ln:22]
[2019-07-21 01:17:32,821][INFO] any info message - [id:10][instance:7] - [COMP-4][file-6.c][function-1][ln:85]
[2019-07-21 01:17:34,322][INFO] any info message - [id:10][instance:5] - [COMP-4][file-12.c][function-12][ln:41]
[2019-07-21 01:17:35,823][INFO] any info message - [id:10][instance:4] - [COMP-5][file-3.c][function-5][ln:225]
[2019-07-21 01:17:37,323][INFO] any info message - [id:10][instance:2] - [COMP-5][file-3.c][function-5][ln:79]
[2019-07-21 01:17:38,838][INFO] any info message - [id:10][instance:2] - [COMP-7][file-2.c][function-12][ln:435]
[2019-07-21 01:17:40,339][INFO] any info message - [id:10][instance:6] - [COMP-10][file-3.c][function-10][ln:723]
[2019-07-21 01:17:41,838][INFO] any info message - [id:10][instance:5] - [COMP-3][file-12.c][function-9][ln:111]
[2019-07-21 01:17:43,339][INFO] any info message - [id:10][instance:2] - [COMP-1][file-7.c][function-4][ln:371]
[2019-07-21 01:17:44,815][DEBUG] any debug message - [id:10][instance:2] - [COMP-3][file-10.c][function-4][ln:3]
[2019-07-21 01:17:44,841][INFO] any info message - [id:10][instance:2] - [COMP-5][file-2.c][function-7][ln:989]
[2019-07-21 01:17:46,343][INFO] any info message - [id:10][instance:4] - [COMP-4][file-8.c][function-4][ln:767]
[2019-07-21 01:17:47,843][INFO] any info message - [id:10][instance:2] - [COMP-9][file-8.c][function-5][ln:360]
[2019-07-21 01:17:49,344][INFO] any info message - [id:10][instance:7] - [COMP-8][file-8.c][function-8][ln:948]
[2019-07-21 01:17:50,844][INFO] any info message - [id:10][instance:6] - [COMP-9][file-7.c][function-6][ln:71]
[2019-07-21 01:17:52,345][INFO] any info message - [id:10][instance:2] - [COMP-9][file-8.c][function-7][ln:952]
[2019-07-21 01:17:53,846][INFO] any info message - [id:10][instance:4] - [COMP-9][file-10.c][function-6][ln:96]
[2019-07-21 01:17:55,350][INFO] any info message - [id:10][instance:6] - [COMP-3][file-8.c][function-13][ln:22]
[2019-07-21 01:17:56,850][INFO] any info message - [id:10][instance:1] - [COMP-6][file-6.c][function-11][ln:436]
[2019-07-21 01:17:58,350][INFO] any info message - [id:10][instance:6] - [COMP-13][file-7.c][function-1][ln:470]
[2019-07-21 01:17:59,207][ERROR] It is an error message - [id:10][instance:7] - [COMP-5][file-7.c][function-11][ln:595]
[2019-07-21 01:17:59,504][WARNING] Here is a warning message - [id:10][instance:5] - [COMP-6][file-1.c][function-3][ln:137]
[2019-07-21 01:17:59,815][DEBUG] any debug message - [id:10][instance:7] - [COMP-4][file-1.c][function-1][ln:105]
[2019-07-21 01:17:59,855][INFO] any info message - [id:10][instance:7] - [COMP-6][file-5.c][function-4][ln:211]
[2019-07-21 01:18:01,355][INFO] any info message - [id:10][instance:4] - [COMP-7][file-9.c][function-1][ln:68]
[2019-07-21 01:18:02,855][INFO] any info message - [id:10][instance:4] - [COMP-13][file-3.c][function-12][ln:755]
[2019-07-21 01:18:04,358][INFO] any info message - [id:10][instance:5] - [COMP-6][file-4.c][function-10][ln:626]
[2019-07-21 01:18:05,858][INFO] any info message - [id:10][instance:7] - [COMP-10][file-7.c][function-11][ln:718]
[2019-07-21 01:18:07,358][INFO] any info message - [id:10][instance:1] - [COMP-2][file-6.c][function-2][ln:618]
[2019-07-21 01:18:08,860][INFO] any info message - [id:10][instance:2] - [COMP-10][file-12.c][function-5][ln:867]
[2019-07-21 01:18:10,361][INFO] any info message - [id:10][instance:2] - [COMP-5][file-3.c][function-11][ln:956]
[2019-07-21 01:18:11,861][INFO] any info message - [id:10][instance:2] - [COMP-7][file-2.c][function-1][ln:131]
[2019-07-21 01:18:13,361][INFO] any info message - [id:10][instance:7] - [COMP-2][file-11.c][function-8][ln:945]
[2019-07-21 01:18:14,815][DEBUG] any debug message - [id:10][instance:5] - [COMP-11][file-1.c][function-12][ln:255]
[2019-07-21 01:18:14,868][INFO] any info message - [id:10][instance:4] - [COMP-7][file-7.c][function-6][ln:909]
[2019-07-21 01:18:16,368][INFO] any info message - [id:10][instance:1] - [COMP-13][file-11.c][function-5][ln:578]
[2019-07-21 01:18:17,869][INFO] any info message - [id:10][instance:7] - [COMP-6][file-11.c][function-3][ln:774]
[2019-07-21 01:18:19,370][INFO] any info message - [id:10][instance:7] - [COMP-1][file-1.c][function-13][ln:860]
[2019-07-21 01:18:20,939][INFO] any info message - [id:10][instance:5] - [COMP-10][file-7.c][function-11][ln:894]
[2019-07-21 01:18:22,439][INFO] any info message - [id:10][instance:7] - [COMP-4][file-11.c][function-11][ln:362]
[2019-07-21 01:18:23,941][INFO] any info message - [id:10][instance:2] - [COMP-6][file-1.c][function-12][ln:85]
[2019-07-21 01:18:25,441][INFO] any info message - [id:10][instance:2] - [COMP-3][file-9.c][function-7][ln:745]
[2019-07-21 01:18:26,941][INFO] any info message - [id:10][instance:7] - [COMP-7][file-5.c][function-7][ln:611]
[2019-07-21 01:18:28,444][INFO] any info message - [id:10][instance:7] - [COMP-6][file-13.c][function-7][ln:838]
[2019-07-21 01:18:29,524][WARNING] Here is a warning message - [id:10][instance:1] - [COMP-1][file-3.c][function-5][ln:380]
[2019-07-21 01:18:29,816][DEBUG] any debug message - [id:10][instance:4] - [COMP-10][file-4.c][function-8][ln:860]
[2019-07-21 01:18:29,945][INFO] any info message - [id:10][instance:1] - [COMP-2][file-4.c][function-2][ln:818]
[2019-07-21 01:18:31,450][INFO] any info message - [id:10][instance:1] - [COMP-2][file-3.c][function-10][ln:604]
[2019-07-21 01:18:32,950][INFO] any info message - [id:10][instance:5] - [COMP-8][file-9.c][function-9][ln:440]
[2019-07-21 01:18:34,451][INFO] any info message - [id:10][instance:2] - [COMP-8][file-4.c][function-11][ln:286]
[2019-07-21 01:18:35,952][INFO] any info message - [id:10][instance:2] - [COMP-11][file-7.c][function-10][ln:386]
[2019-07-21 01:18:37,452][INFO] any info message - [id:10][instance:5] - [COMP-7][file-13.c][function-9][ln:425]
[2019-07-21 01:18:38,952][INFO] any info message - [id:10][instance:7] - [COMP-9][file-2.c][function-6][ln:203]
[2019-07-21 01:18:40,452][INFO] any info message - [id:10][instance:3] - [COMP-6][file-7.c][function-1][ln:216]
[2019-07-21 01:18:41,953][INFO] any info message - [id:10][instance:2] - [COMP-6][file-9.c][function-10][ln:672]
[2019-07-21 01:18:43,454][INFO] any info message - [id:10][instance:3] - [COMP-8][file-13.c][function-8][ln:715]
[2019-07-21 01:18:44,817][DEBUG] any debug message - [id:10][instance:6] - [COMP-10][file-5.c][function-2][ln:762]
[2019-07-21 01:18:44,954][INFO] any info message - [id:10][instance:3] - [COMP-6][file-12.c][function-1][ln:755]
[2019-07-21 01:18:46,455][INFO] any info message - [id:10][instance:7] - [COMP-3][file-9.c][function-13][ln:281]
[2019-07-21 01:18:47,956][INFO] any info message - [id:10][instance:2] - [COMP-10][file-4.c][function-11][ln:978]
[2019-07-21 01:18:49,457][INFO] any info message - [id:10][instance:7] - [COMP-12][file-1.c][function-13][ln:447]
[2019-07-21 01:18:50,966][INFO] any info message - [id:10][instance:6] - [COMP-12][file-2.c][function-7][ln:180]
[2019-07-21 01:18:52,465][INFO] any info message - [id:10][instance:4] - [COMP-6][file-1.c][function-11][ln:504]
[2019-07-21 01:18:53,965][INFO] any info message - [id:10][instance:3] - [COMP-10][file-5.c][function-12][ln:462]
[2019-07-21 01:18:55,466][INFO] any info message - [id:10][instance:1] - [COMP-5][file-9.c][function-4][ln:622]
[2019-07-21 01:18:56,966][INFO] any info message - [id:10][instance:4] - [COMP-2][file-3.c][function-4][ln:405]
[2019-07-21 01:18:58,466][INFO] any info message - [id:10][instance:2] - [COMP-4][file-6.c][function-11][ln:309]
[2019-07-21 01:18:59,089][CRITICAL] ATTENTION: This is a critical issue! - [id:10][instance:4] - [COMP-7][file-10.c][function-1][ln:866]
[2019-07-21 01:18:59,208][ERROR] It is an error message - [id:10][instance:5] - [COMP-7][file-1.c][function-5][ln:665]
[2019-07-21 01:18:59,526][WARNING] Here is a warning message - [id:10][instance:1] - [COMP-9][file-5.c][function-9][ln:626]
[2019-07-21 01:18:59,817][DEBUG] any debug message - [id:10][instance:1] - [COMP-5][file-8.c][function-9][ln:137]
[2019-07-21 01:18:59,966][INFO] any info message - [id:10][instance:4] - [COMP-6][file-2.c][function-9][ln:754]
[2019-07-21 01:19:01,467][INFO] any info message - [id:10][instance:5] - [COMP-13][file-12.c][function-13][ln:620]
[2019-07-21 01:19:02,967][INFO] any info message - [id:10][instance:1] - [COMP-4][file-1.c][function-4][ln:883]
[2019-07-21 01:19:04,468][INFO] any info message - [id:10][instance:5] - [COMP-4][file-2.c][function-13][ln:157]
[2019-07-21 01:19:05,971][INFO] any info message - [id:10][instance:5] - [COMP-11][file-12.c][function-5][ln:121]
[2019-07-21 01:19:07,472][INFO] any info message - [id:10][instance:4] - [COMP-1][file-12.c][function-1][ln:750]
[2019-07-21 01:19:09,024][INFO] any info message - [id:10][instance:6] - [COMP-7][file-10.c][function-8][ln:912]
[2019-07-21 01:19:10,524][INFO] any info message - [id:10][instance:2] - [COMP-2][file-9.c][function-10][ln:132]
[2019-07-21 01:19:12,025][INFO] any info message - [id:10][instance:1] - [COMP-1][file-3.c][function-5][ln:738]
[2019-07-21 01:19:13,536][INFO] any info message - [id:10][instance:4] - [COMP-10][file-1.c][function-3][ln:710]
[2019-07-21 01:19:14,818][DEBUG] any debug message - [id:10][instance:1] - [COMP-2][file-7.c][function-9][ln:653]
[2019-07-21 01:19:15,037][INFO] any info message - [id:10][instance:7] - [COMP-4][file-4.c][function-10][ln:79]
[2019-07-21 01:19:16,537][INFO] any info message - [id:10][instance:1] - [COMP-2][file-10.c][function-5][ln:471]
[2019-07-21 01:19:18,038][INFO] any info message - [id:10][instance:5] - [COMP-1][file-12.c][function-8][ln:378]
[2019-07-21 01:19:19,539][INFO] any info message - [id:10][instance:1] - [COMP-6][file-13.c][function-6][ln:728]
[2019-07-21 01:19:21,040][INFO] any info message - [id:10][instance:5] - [COMP-8][file-9.c][function-12][ln:150]
[2019-07-21 01:19:22,540][INFO] any info message - [id:10][instance:5] - [COMP-12][file-3.c][function-4][ln:438]
[2019-07-21 01:19:24,041][INFO] any info message - [id:10][instance:6] - [COMP-9][file-9.c][function-10][ln:867]
[2019-07-21 01:19:25,541][INFO] any info message - [id:10][instance:1] - [COMP-12][file-10.c][function-12][ln:732]
[2019-07-21 01:19:27,043][INFO] any info message - [id:10][instance:1] - [COMP-3][file-9.c][function-7][ln:944]
[2019-07-21 01:19:28,543][INFO] any info message - [id:10][instance:2] - [COMP-12][file-5.c][function-13][ln:50]
[2019-07-21 01:19:29,526][WARNING] Here is a warning message - [id:10][instance:1] - [COMP-11][file-1.c][function-9][ln:340]
[2019-07-21 01:19:29,819][DEBUG] any debug message - [id:10][instance:7] - [COMP-3][file-7.c][function-3][ln:579]
[2019-07-21 01:19:30,044][INFO] any info message - [id:10][instance:3] - [COMP-2][file-7.c][function-5][ln:797]
[2019-07-21 01:19:31,544][INFO] any info message - [id:10][instance:4] - [COMP-8][file-3.c][function-9][ln:439]
[2019-07-21 01:19:33,045][INFO] any info message - [id:10][instance:5] - [COMP-1][file-3.c][function-4][ln:540]
[2019-07-21 01:19:34,545][INFO] any info message - [id:10][instance:3] - [COMP-6][file-6.c][function-9][ln:81]
[2019-07-21 01:19:36,048][INFO] any info message - [id:10][instance:1] - [COMP-8][file-2.c][function-6][ln:634]
[2019-07-21 01:19:37,550][INFO] any info message - [id:10][instance:4] - [COMP-3][file-4.c][function-1][ln:555]
[2019-07-21 01:19:39,051][INFO] any info message - [id:10][instance:3] - [COMP-6][file-12.c][function-9][ln:478]
[2019-07-21 01:19:40,551][INFO] any info message - [id:10][instance:1] - [COMP-2][file-5.c][function-10][ln:504]
[2019-07-21 01:19:42,052][INFO] any info message - [id:10][instance:5] - [COMP-10][file-6.c][function-13][ln:494]
[2019-07-21 01:19:43,552][INFO] any info message - [id:10][instance:7] - [COMP-8][file-12.c][function-1][ln:815]
[2019-07-21 01:19:44,819][DEBUG] any debug message - [id:10][instance:2] - [COMP-2][file-13.c][function-2][ln:83]
[2019-07-21 01:19:45,052][INFO] any info message - [id:10][instance:6] - [COMP-10][file-4.c][function-1][ln:819]
[2019-07-21 01:19:46,553][INFO] any info message - [id:10][instance:7] - [COMP-8][file-3.c][function-5][ln:312]
[2019-07-21 01:19:48,054][INFO] any info message - [id:10][instance:7] - [COMP-9][file-8.c][function-7][ln:400]
[2019-07-21 01:19:49,554][INFO] any info message - [id:10][instance:6] - [COMP-11][file-1.c][function-5][ln:604]
[2019-07-21 01:19:51,054][INFO] any info message - [id:10][instance:6] - [COMP-3][file-13.c][function-4][ln:284]
[2019-07-21 01:19:52,555][INFO] any info message - [id:10][instance:5] - [COMP-11][file-2.c][function-5][ln:644]
[2019-07-21 01:19:54,057][INFO] any info message - [id:10][instance:6] - [COMP-5][file-13.c][function-12][ln:768]
[2019-07-21 01:19:55,559][INFO] any info message - [id:10][instance:7] - [COMP-3][file-3.c][function-9][ln:57]
[2019-07-21 01:19:57,058][INFO] any info message - [id:10][instance:1] - [COMP-11][file-12.c][function-10][ln:290]
[2019-07-21 01:19:58,558][INFO] any info message - [id:10][instance:1] - [COMP-13][file-8.c][function-5][ln:760]
[2019-07-21 01:19:59,210][ERROR] It is an error message - [id:10][instance:5] - [COMP-4][file-3.c][function-9][ln:894]
[2019-07-21 01:19:59,528][WARNING] Here is a warning message - [id:10][instance:3] - [COMP-9][file-8.c][function-3][ln:540]
[2019-07-21 01:19:59,820][DEBUG] any debug message - [id:10][instance:1] - [COMP-4][file-5.c][function-7][ln:570]
[2019-07-21 01:20:00,060][INFO] any info message - [id:10][instance:2] - [COMP-3][file-11.c][function-6][ln:508]
[2019-07-21 01:20:01,561][INFO] any info message - [id:10][instance:4] - [COMP-3][file-2.c][function-8][ln:343]
[2019-07-21 01:20:03,061][INFO] any info message - [id:10][instance:7] - [COMP-9][file-2.c][function-3][ln:854]
[2019-07-21 01:20:04,568][INFO] any info message - [id:10][instance:1] - [COMP-3][file-1.c][function-13][ln:129]
[2019-07-21 01:20:06,070][INFO] any info message - [id:10][instance:1] - [COMP-12][file-7.c][function-11][ln:746]
[2019-07-21 01:20:07,571][INFO] any info message - [id:10][instance:4] - [COMP-6][file-13.c][function-10][ln:375]
[2019-07-21 01:20:09,072][INFO] any info message - [id:10][instance:3] - [COMP-6][file-10.c][function-11][ln:317]
[2019-07-21 01:20:10,572][INFO] any info message - [id:10][instance:3] - [COMP-7][file-1.c][function-1][ln:698]
[2019-07-21 01:20:12,073][INFO] any info message - [id:10][instance:5] - [COMP-12][file-1.c][function-3][ln:288]
[2019-07-21 01:20:13,574][INFO] any info message - [id:10][instance:3] - [COMP-1][file-5.c][function-12][ln:499]
[2019-07-21 01:20:14,820][DEBUG] any debug message - [id:10][instance:4] - [COMP-10][file-9.c][function-9][ln:588]
[2019-07-21 01:20:15,074][INFO] any info message - [id:10][instance:7] - [COMP-1][file-3.c][function-5][ln:724]
[2019-07-21 01:20:16,575][INFO] any info message - [id:10][instance:6] - [COMP-8][file-13.c][function-12][ln:974]
[2019-07-21 01:20:18,075][INFO] any info message - [id:10][instance:7] - [COMP-8][file-1.c][function-3][ln:263]
[2019-07-21 01:20:19,576][INFO] any info message - [id:10][instance:5] - [COMP-6][file-4.c][function-9][ln:952]
[2019-07-21 01:20:21,076][INFO] any info message - [id:10][instance:4] - [COMP-3][file-12.c][function-12][ln:78]
[2019-07-21 01:20:22,578][INFO] any info message - [id:10][instance:2] - [COMP-1][file-11.c][function-10][ln:617]
[2019-07-21 01:20:24,078][INFO] any info message - [id:10][instance:1] - [COMP-5][file-10.c][function-6][ln:894]
[2019-07-21 01:20:25,578][INFO] any info message - [id:10][instance:5] - [COMP-5][file-2.c][function-9][ln:156]
[2019-07-21 01:20:27,079][INFO] any info message - [id:10][instance:2] - [COMP-12][file-6.c][function-7][ln:329]
[2019-07-21 01:20:28,579][INFO] any info message - [id:10][instance:7] - [COMP-11][file-7.c][function-6][ln:535]
[2019-07-21 01:20:29,529][WARNING] Here is a warning message - [id:10][instance:6] - [COMP-7][file-4.c][function-8][ln:145]
[2019-07-21 01:20:29,821][DEBUG] any debug message - [id:10][instance:1] - [COMP-8][file-12.c][function-7][ln:222]
[2019-07-21 01:20:30,081][INFO] any info message - [id:10][instance:2] - [COMP-12][file-6.c][function-4][ln:455]
[2019-07-21 01:20:31,581][INFO] any info message - [id:10][instance:3] - [COMP-10][file-9.c][function-11][ln:950]
[2019-07-21 01:20:33,082][INFO] any info message - [id:10][instance:4] - [COMP-12][file-5.c][function-2][ln:59]
[2019-07-21 01:20:34,584][INFO] any info message - [id:10][instance:3] - [COMP-7][file-8.c][function-3][ln:217]
[2019-07-21 01:20:36,084][INFO] any info message - [id:10][instance:7] - [COMP-9][file-4.c][function-2][ln:499]
[2019-07-21 01:20:37,585][INFO] any info message - [id:10][instance:6] - [COMP-4][file-8.c][function-1][ln:241]
[2019-07-21 01:20:39,085][INFO] any info message - [id:10][instance:3] - [COMP-8][file-8.c][function-11][ln:568]
[2019-07-21 01:20:40,586][INFO] any info message - [id:10][instance:3] - [COMP-12][file-6.c][function-1][ln:441]
[2019-07-21 01:20:42,088][INFO] any info message - [id:10][instance:3] - [COMP-2][file-1.c][function-13][ln:400]
[2019-07-21 01:20:43,604][INFO] any info message - [id:10][instance:4] - [COMP-5][file-13.c][function-13][ln:227]
[2019-07-21 01:20:44,822][DEBUG] any debug message - [id:10][instance:4] - [COMP-9][file-3.c][function-10][ln:7]
[2019-07-21 01:20:45,105][INFO] any info message - [id:10][instance:5] - [COMP-9][file-6.c][function-11][ln:801]
[2019-07-21 01:20:46,605][INFO] any info message - [id:10][instance:1] - [COMP-7][file-5.c][function-12][ln:168]
[2019-07-21 01:20:48,106][INFO] any info message - [id:10][instance:1] - [COMP-3][file-7.c][function-8][ln:776]
[2019-07-21 01:20:49,606][INFO] any info message - [id:10][instance:3] - [COMP-2][file-8.c][function-5][ln:884]
[2019-07-21 01:20:51,106][INFO] any info message - [id:10][instance:5] - [COMP-4][file-11.c][function-6][ln:907]
[2019-07-21 01:20:52,607][INFO] any info message - [id:10][instance:4] - [COMP-11][file-7.c][function-9][ln:820]
[2019-07-21 01:20:54,108][INFO] any info message - [id:10][instance:3] - [COMP-8][file-6.c][function-9][ln:219]
[2019-07-21 01:20:55,611][INFO] any info message - [id:10][instance:2] - [COMP-11][file-13.c][function-7][ln:121]
[2019-07-21 01:20:57,121][INFO] any info message - [id:10][instance:1] - [COMP-10][file-3.c][function-10][ln:953]
[2019-07-21 01:20:58,621][INFO] any info message - [id:10][instance:1] - [COMP-3][file-8.c][function-11][ln:38]
[2019-07-21 01:20:59,089][CRITICAL] ATTENTION: This is a critical issue! - [id:10][instance:1] - [COMP-8][file-5.c][function-5][ln:977]
[2019-07-21 01:20:59,212][ERROR] It is an error message - [id:10][instance:5] - [COMP-6][file-5.c][function-5][ln:908]
[2019-07-21 01:20:59,529][WARNING] Here is a warning message - [id:10][instance:3] - [COMP-13][file-13.c][function-9][ln:767]
[2019-07-21 01:20:59,824][DEBUG] any debug message - [id:10][instance:7] - [COMP-11][file-4.c][function-8][ln:286]
[2019-07-21 01:21:00,160][INFO] any info message - [id:10][instance:7] - [COMP-12][file-4.c][function-4][ln:961]
[2019-07-21 01:21:01,661][INFO] any info message - [id:10][instance:5] - [COMP-4][file-6.c][function-8][ln:933]
[2019-07-21 01:21:03,161][INFO] any info message - [id:10][instance:1] - [COMP-8][file-10.c][function-9][ln:316]
[2019-07-21 01:21:04,661][INFO] any info message - [id:10][instance:1] - [COMP-5][file-1.c][function-4][ln:56]
[2019-07-21 01:21:06,170][INFO] any info message - [id:10][instance:2] - [COMP-13][file-7.c][function-7][ln:296]
[2019-07-21 01:21:07,671][INFO] any info message - [id:10][instance:3] - [COMP-12][file-12.c][function-7][ln:708]
[2019-07-21 01:21:09,172][INFO] any info message - [id:10][instance:4] - [COMP-1][file-8.c][function-11][ln:122]
[2019-07-21 01:21:10,671][INFO] any info message - [id:10][instance:7] - [COMP-7][file-11.c][function-8][ln:800]
[2019-07-21 01:21:12,172][INFO] any info message - [id:10][instance:7] - [COMP-10][file-2.c][function-12][ln:543]
[2019-07-21 01:21:13,673][INFO] any info message - [id:10][instance:1] - [COMP-8][file-3.c][function-6][ln:297]
[2019-07-21 01:21:14,825][DEBUG] any debug message - [id:10][instance:6] - [COMP-11][file-1.c][function-3][ln:155]
[2019-07-21 01:21:15,174][INFO] any info message - [id:10][instance:2] - [COMP-9][file-5.c][function-5][ln:256]
[2019-07-21 01:21:16,675][INFO] any info message - [id:10][instance:3] - [COMP-13][file-2.c][function-11][ln:39]
[2019-07-21 01:21:18,175][INFO] any info message - [id:10][instance:1] - [COMP-3][file-12.c][function-12][ln:277]
[2019-07-21 01:21:19,705][INFO] any info message - [id:10][instance:4] - [COMP-11][file-7.c][function-10][ln:986]
[2019-07-21 01:21:21,206][INFO] any info message - [id:10][instance:5] - [COMP-1][file-4.c][function-11][ln:836]
[2019-07-21 01:21:22,706][INFO] any info message - [id:10][instance:3] - [COMP-13][file-8.c][function-8][ln:506]
[2019-07-21 01:21:24,208][INFO] any info message - [id:10][instance:2] - [COMP-13][file-2.c][function-8][ln:117]
[2019-07-21 01:21:25,709][INFO] any info message - [id:10][instance:3] - [COMP-11][file-7.c][function-11][ln:471]
[2019-07-21 01:21:27,209][INFO] any info message - [id:10][instance:2] - [COMP-4][file-7.c][function-11][ln:103]
[2019-07-21 01:21:28,710][INFO] any info message - [id:10][instance:5] - [COMP-1][file-13.c][function-1][ln:165]
[2019-07-21 01:21:29,530][WARNING] Here is a warning message - [id:10][instance:4] - [COMP-4][file-6.c][function-13][ln:721]
[2019-07-21 01:21:29,826][DEBUG] any debug message - [id:10][instance:6] - [COMP-4][file-4.c][function-3][ln:30]
[2019-07-21 01:21:30,211][INFO] any info message - [id:10][instance:1] - [COMP-4][file-11.c][function-10][ln:170]
[2019-07-21 01:21:31,711][INFO] any info message - [id:10][instance:6] - [COMP-4][file-5.c][function-12][ln:441]
[2019-07-21 01:21:33,211][INFO] any info message - [id:10][instance:6] - [COMP-5][file-7.c][function-2][ln:646]
[2019-07-21 01:21:34,711][INFO] any info message - [id:10][instance:2] - [COMP-3][file-9.c][function-10][ln:646]
[2019-07-21 01:21:36,212][INFO] any info message - [id:10][instance:5] - [COMP-11][file-11.c][function-13][ln:596]
[2019-07-21 01:21:37,713][INFO] any info message - [id:10][instance:6] - [COMP-4][file-9.c][function-13][ln:442]
[2019-07-21 01:21:39,213][INFO] any info message - [id:10][instance:2] - [COMP-8][file-9.c][function-5][ln:991]
[2019-07-21 01:21:40,714][INFO] any info message - [id:10][instance:3] - [COMP-13][file-3.c][function-10][ln:473]
[2019-07-21 01:21:42,214][INFO] any info message - [id:10][instance:3] - [COMP-2][file-10.c][function-11][ln:577]
[2019-07-21 01:21:43,715][INFO] any info message - [id:10][instance:6] - [COMP-10][file-3.c][function-6][ln:535]
[2019-07-21 01:21:44,826][DEBUG] any debug message - [id:10][instance:4] - [COMP-5][file-3.c][function-12][ln:263]
[2019-07-21 01:21:45,215][INFO] any info message - [id:10][instance:7] - [COMP-1][file-1.c][function-13][ln:601]
[2019-07-21 01:21:46,717][INFO] any info message - [id:10][instance:1] - [COMP-10][file-3.c][function-6][ln:367]
[2019-07-21 01:21:48,217][INFO] any info message - [id:10][instance:7] - [COMP-7][file-8.c][function-10][ln:76]
[2019-07-21 01:21:49,718][INFO] any info message - [id:10][instance:7] - [COMP-13][file-6.c][function-2][ln:736]
[2019-07-21 01:21:51,219][INFO] any info message - [id:10][instance:7] - [COMP-9][file-7.c][function-9][ln:626]
[2019-07-21 01:21:52,719][INFO] any info message - [id:10][instance:2] - [COMP-1][file-2.c][function-10][ln:807]
[2019-07-21 01:21:54,220][INFO] any info message - [id:10][instance:7] - [COMP-12][file-8.c][function-8][ln:757]
[2019-07-21 01:21:55,720][INFO] any info message - [id:10][instance:6] - [COMP-9][file-7.c][function-8][ln:974]
[2019-07-21 01:21:57,220][INFO] any info message - [id:10][instance:4] - [COMP-6][file-12.c][function-3][ln:525]
[2019-07-21 01:21:58,721][INFO] any info message - [id:10][instance:4] - [COMP-3][file-13.c][function-1][ln:343]
[2019-07-21 01:21:59,212][ERROR] It is an error message - [id:10][instance:1] - [COMP-2][file-7.c][function-2][ln:28]
[2019-07-21 01:21:59,529][WARNING] Here is a warning message - [id:10][instance:6] - [COMP-4][file-2.c][function-4][ln:964]
[2019-07-21 01:21:59,826][DEBUG] any debug message - [id:10][instance:4] - [COMP-12][file-3.c][function-13][ln:574]
[2019-07-21 01:22:00,222][INFO] any info message - [id:10][instance:4] - [COMP-7][file-5.c][function-11][ln:716]
[2019-07-21 01:22:01,722][INFO] any info message - [id:10][instance:6] - [COMP-11][file-4.c][function-5][ln:768]
[2019-07-21 01:22:03,223][INFO] any info message - [id:10][instance:2] - [COMP-3][file-5.c][function-12][ln:74]
[2019-07-21 01:22:04,723][INFO] any info message - [id:10][instance:7] - [COMP-9][file-2.c][function-12][ln:282]
[2019-07-21 01:22:06,224][INFO] any info message - [id:10][instance:6] - [COMP-10][file-8.c][function-5][ln:187]
[2019-07-21 01:22:07,725][INFO] any info message - [id:10][instance:1] - [COMP-1][file-9.c][function-7][ln:461]
[2019-07-21 01:22:09,226][INFO] any info message - [id:10][instance:3] - [COMP-5][file-6.c][function-3][ln:342]
[2019-07-21 01:22:10,727][INFO] any info message - [id:10][instance:5] - [COMP-12][file-1.c][function-6][ln:936]
[2019-07-21 01:22:12,230][INFO] any info message - [id:10][instance:6] - [COMP-8][file-4.c][function-9][ln:203]
[2019-07-21 01:22:13,730][INFO] any info message - [id:10][instance:5] - [COMP-5][file-8.c][function-8][ln:836]
[2019-07-21 01:22:14,827][DEBUG] any debug message - [id:10][instance:5] - [COMP-6][file-12.c][function-4][ln:933]
[2019-07-21 01:22:15,230][INFO] any info message - [id:10][instance:4] - [COMP-8][file-7.c][function-13][ln:99]
[2019-07-21 01:22:16,730][INFO] any info message - [id:10][instance:6] - [COMP-11][file-12.c][function-12][ln:89]
[2019-07-21 01:22:18,232][INFO] any info message - [id:10][instance:4] - [COMP-5][file-2.c][function-6][ln:130]
[2019-07-21 01:22:19,733][INFO] any info message - [id:10][instance:1] - [COMP-6][file-11.c][function-8][ln:382]
[2019-07-21 01:22:21,235][INFO] any info message - [id:10][instance:1] - [COMP-9][file-12.c][function-1][ln:442]
[2019-07-21 01:22:22,737][INFO] any info message - [id:10][instance:5] - [COMP-7][file-11.c][function-11][ln:926]
[2019-07-21 01:22:24,237][INFO] any info message - [id:10][instance:5] - [COMP-11][file-6.c][function-7][ln:395]
[2019-07-21 01:22:25,739][INFO] any info message - [id:10][instance:5] - [COMP-9][file-11.c][function-7][ln:564]
[2019-07-21 01:22:27,239][INFO] any info message - [id:10][instance:6] - [COMP-5][file-7.c][function-13][ln:425]
[2019-07-21 01:22:28,739][INFO] any info message - [id:10][instance:3] - [COMP-6][file-4.c][function-6][ln:759]
[2019-07-21 01:22:29,530][WARNING] Here is a warning message - [id:10][instance:5] - [COMP-6][file-9.c][function-10][ln:744]
[2019-07-21 01:22:29,827][DEBUG] any debug message - [id:10][instance:2] - [COMP-4][file-5.c][function-2][ln:815]
[2019-07-21 01:22:30,239][INFO] any info message - [id:10][instance:4] - [COMP-5][file-3.c][function-1][ln:963]
[2019-07-21 01:22:31,741][INFO] any info message - [id:10][instance:2] - [COMP-4][file-12.c][function-5][ln:613]
[2019-07-21 01:22:33,242][INFO] any info message - [id:10][instance:3] - [COMP-7][file-12.c][function-5][ln:929]
[2019-07-21 01:22:34,742][INFO] any info message - [id:10][instance:7] - [COMP-12][file-7.c][function-8][ln:264]
[2019-07-21 01:22:36,243][INFO] any info message - [id:10][instance:3] - [COMP-10][file-2.c][function-12][ln:594]
[2019-07-21 01:22:37,748][INFO] any info message - [id:10][instance:1] - [COMP-5][file-9.c][function-9][ln:356]
[2019-07-21 01:22:39,247][INFO] any info message - [id:10][instance:7] - [COMP-4][file-2.c][function-1][ln:184]
[2019-07-21 01:22:40,747][INFO] any info message - [id:10][instance:7] - [COMP-2][file-3.c][function-13][ln:349]
[2019-07-21 01:22:42,247][INFO] any info message - [id:10][instance:3] - [COMP-5][file-5.c][function-7][ln:242]
[2019-07-21 01:22:43,782][INFO] any info message - [id:10][instance:5] - [COMP-5][file-3.c][function-6][ln:504]
[2019-07-21 01:22:44,828][DEBUG] any debug message - [id:10][instance:3] - [COMP-7][file-3.c][function-9][ln:97]
[2019-07-21 01:22:45,284][INFO] any info message - [id:10][instance:7] - [COMP-3][file-5.c][function-7][ln:527]
[2019-07-21 01:22:46,785][INFO] any info message - [id:10][instance:5] - [COMP-3][file-3.c][function-11][ln:783]
[2019-07-21 01:22:48,287][INFO] any info message - [id:10][instance:4] - [COMP-6][file-8.c][function-11][ln:984]
[2019-07-21 01:22:49,787][INFO] any info message - [id:10][instance:1] - [COMP-10][file-12.c][function-13][ln:256]
[2019-07-21 01:22:51,288][INFO] any info message - [id:10][instance:7] - [COMP-6][file-7.c][function-11][ln:124]
[2019-07-21 01:22:52,788][INFO] any info message - [id:10][instance:2] - [COMP-4][file-3.c][function-11][ln:210]
[2019-07-21 01:22:54,291][INFO] any info message - [id:10][instance:4] - [COMP-5][file-11.c][function-13][ln:629]
[2019-07-21 01:22:55,792][INFO] any info message - [id:10][instance:2] - [COMP-6][file-9.c][function-2][ln:152]
[2019-07-21 01:22:57,292][INFO] any info message - [id:10][instance:2] - [COMP-12][file-9.c][function-11][ln:140]
[2019-07-21 01:22:58,792][INFO] any info message - [id:10][instance:7] - [COMP-9][file-2.c][function-13][ln:468]
[2019-07-21 01:22:59,089][CRITICAL] ATTENTION: This is a critical issue! - [id:10][instance:3] - [COMP-12][file-9.c][function-10][ln:125]
[2019-07-21 01:22:59,213][ERROR] It is an error message - [id:10][instance:4] - [COMP-9][file-11.c][function-6][ln:677]
[2019-07-21 01:22:59,531][WARNING] Here is a warning message - [id:10][instance:5] - [COMP-6][file-4.c][function-6][ln:722]
[2019-07-21 01:22:59,829][DEBUG] any debug message - [id:10][instance:7] - [COMP-13][file-5.c][function-1][ln:582]
[2019-07-21 01:23:00,296][INFO] any info message - [id:10][instance:4] - [COMP-4][file-3.c][function-8][ln:361]
[2019-07-21 01:23:01,796][INFO] any info message - [id:10][instance:6] - [COMP-7][file-12.c][function-12][ln:350]
[2019-07-21 01:23:03,301][INFO] any info message - [id:10][instance:7] - [COMP-12][file-11.c][function-2][ln:449]
[2019-07-21 01:23:04,801][INFO] any info message - [id:10][instance:1] - [COMP-2][file-3.c][function-6][ln:177]
[2019-07-21 01:23:06,301][INFO] any info message - [id:10][instance:7] - [COMP-8][file-6.c][function-3][ln:321]
[2019-07-21 01:23:07,804][INFO] any info message - [id:10][instance:3] - [COMP-11][file-3.c][function-10][ln:905]
[2019-07-21 01:23:09,305][INFO] any info message - [id:10][instance:6] - [COMP-10][file-11.c][function-13][ln:62]
[2019-07-21 01:23:10,806][INFO] any info message - [id:10][instance:3] - [COMP-6][file-10.c][function-11][ln:775]
[2019-07-21 01:23:12,306][INFO] any info message - [id:10][instance:5] - [COMP-13][file-8.c][function-8][ln:876]
[2019-07-21 01:23:13,806][INFO] any info message - [id:10][instance:5] - [COMP-10][file-4.c][function-5][ln:518]
[2019-07-21 01:23:14,830][DEBUG] any debug message - [id:10][instance:1] - [COMP-7][file-5.c][function-13][ln:908]
[2019-07-21 01:23:15,307][INFO] any info message - [id:10][instance:1] - [COMP-9][file-4.c][function-3][ln:872]
[2019-07-21 01:23:16,809][INFO] any info message - [id:10][instance:5] - [COMP-6][file-1.c][function-12][ln:803]
[2019-07-21 01:23:18,315][INFO] any info message - [id:10][instance:6] - [COMP-8][file-11.c][function-1][ln:672]
[2019-07-21 01:23:19,825][INFO] any info message - [id:10][instance:7] - [COMP-1][file-4.c][function-13][ln:676]
[2019-07-21 01:23:21,328][INFO] any info message - [id:10][instance:1] - [COMP-10][file-6.c][function-11][ln:186]
[2019-07-21 01:23:22,833][INFO] any info message - [id:10][instance:5] - [COMP-13][file-5.c][function-8][ln:522]
[2019-07-21 01:23:24,334][INFO] any info message - [id:10][instance:5] - [COMP-13][file-4.c][function-8][ln:547]
[2019-07-21 01:23:25,835][INFO] any info message - [id:10][instance:5] - [COMP-3][file-12.c][function-13][ln:557]
[2019-07-21 01:23:27,336][INFO] any info message - [id:10][instance:1] - [COMP-12][file-11.c][function-7][ln:294]
[2019-07-21 01:23:28,836][INFO] any info message - [id:10][instance:1] - [COMP-13][file-12.c][function-1][ln:503]
[2019-07-21 01:23:29,531][WARNING] Here is a warning message - [id:10][instance:5] - [COMP-1][file-9.c][function-8][ln:31]
[2019-07-21 01:23:29,834][DEBUG] any debug message - [id:10][instance:5] - [COMP-6][file-6.c][function-13][ln:221]
[2019-07-21 01:23:30,341][INFO] any info message - [id:10][instance:7] - [COMP-12][file-9.c][function-4][ln:19]
[2019-07-21 01:23:31,841][INFO] any info message - [id:10][instance:2] - [COMP-1][file-5.c][function-7][ln:496]
[2019-07-21 01:23:33,341][INFO] any info message - [id:10][instance:2] - [COMP-2][file-9.c][function-7][ln:466]
[2019-07-21 01:23:34,842][INFO] any info message - [id:10][instance:2] - [COMP-3][file-12.c][function-11][ln:763]
[2019-07-21 01:23:36,346][INFO] any info message - [id:10][instance:5] - [COMP-7][file-6.c][function-1][ln:459]
[2019-07-21 01:23:37,846][INFO] any info message - [id:10][instance:2] - [COMP-6][file-8.c][function-13][ln:23]
[2019-07-21 01:23:39,347][INFO] any info message - [id:10][instance:1] - [COMP-13][file-6.c][function-2][ln:841]
[2019-07-21 01:23:40,847][INFO] any info message - [id:10][instance:4] - [COMP-1][file-5.c][function-10][ln:629]
[2019-07-21 01:23:42,348][INFO] any info message - [id:10][instance:6] - [COMP-5][file-6.c][function-4][ln:249]
[2019-07-21 01:23:43,849][INFO] any info message - [id:10][instance:2] - [COMP-7][file-6.c][function-7][ln:549]
[2019-07-21 01:23:44,836][DEBUG] any debug message - [id:10][instance:5] - [COMP-10][file-8.c][function-10][ln:862]
[2019-07-21 01:23:45,349][INFO] any info message - [id:10][instance:5] - [COMP-13][file-11.c][function-3][ln:840]
[2019-07-21 01:23:46,849][INFO] any info message - [id:10][instance:4] - [COMP-3][file-5.c][function-2][ln:185]
[2019-07-21 01:23:48,351][INFO] any info message - [id:10][instance:3] - [COMP-1][file-2.c][function-11][ln:500]
[2019-07-21 01:23:49,852][INFO] any info message - [id:10][instance:4] - [COMP-2][file-6.c][function-3][ln:214]
[2019-07-21 01:23:51,352][INFO] any info message - [id:10][instance:7] - [COMP-7][file-1.c][function-9][ln:304]
[2019-07-21 01:23:52,856][INFO] any info message - [id:10][instance:5] - [COMP-6][file-3.c][function-8][ln:125]
[2019-07-21 01:23:54,357][INFO] any info message - [id:10][instance:6] - [COMP-4][file-10.c][function-10][ln:901]
[2019-07-21 01:23:55,857][INFO] any info message - [id:10][instance:6] - [COMP-3][file-7.c][function-12][ln:634]
[2019-07-21 01:23:57,357][INFO] any info message - [id:10][instance:6] - [COMP-10][file-6.c][function-3][ln:76]
[2019-07-21 01:23:58,858][INFO] any info message - [id:10][instance:6] - [COMP-2][file-12.c][function-5][ln:277]
[2019-07-21 01:23:59,216][ERROR] It is an error message - [id:10][instance:7] - [COMP-13][file-5.c][function-3][ln:498]
[2019-07-21 01:23:59,532][WARNING] Here is a warning message - [id:10][instance:4] - [COMP-9][file-6.c][function-7][ln:661]
[2019-07-21 01:23:59,835][DEBUG] any debug message - [id:10][instance:7] - [COMP-9][file-9.c][function-2][ln:626]
[2019-07-21 01:24:00,358][INFO] any info message - [id:10][instance:3] - [COMP-3][file-10.c][function-6][ln:988]
[2019-07-21 01:24:01,859][INFO] any info message - [id:10][instance:3] - [COMP-1][file-11.c][function-9][ln:774]
[2019-07-21 01:24:03,359][INFO] any info message - [id:10][instance:2] - [COMP-2][file-10.c][function-4][ln:951]
[2019-07-21 01:24:04,859][INFO] any info message - [id:10][instance:3] - [COMP-12][file-2.c][function-13][ln:24]
[2019-07-21 01:24:06,359][INFO] any info message - [id:10][instance:4] - [COMP-10][file-9.c][function-6][ln:431]
[2019-07-21 01:24:07,859][INFO] any info message - [id:10][instance:7] - [COMP-11][file-10.c][function-2][ln:3]
[2019-07-21 01:24:09,359][INFO] any info message - [id:10][instance:4] - [COMP-5][file-11.c][function-12][ln:61]
[2019-07-21 01:24:10,860][INFO] any info message - [id:10][instance:5] - [COMP-5][file-11.c][function-2][ln:202]
[2019-07-21 01:24:12,361][INFO] any info message - [id:10][instance:1] - [COMP-12][file-6.c][function-7][ln:361]
[2019-07-21 01:24:13,861][INFO] any info message - [id:10][instance:3] - [COMP-10][file-10.c][function-11][ln:461]
[2019-07-21 01:24:14,836][DEBUG] any debug message - [id:10][instance:1] - [COMP-1][file-12.c][function-8][ln:899]
[2019-07-21 01:24:15,362][INFO] any info message - [id:10][instance:2] - [COMP-1][file-9.c][function-7][ln:734]
[2019-07-21 01:24:16,864][INFO] any info message - [id:10][instance:6] - [COMP-1][file-7.c][function-4][ln:439]
[2019-07-21 01:24:18,364][INFO] any info message - [id:10][instance:2] - [COMP-13][file-12.c][function-1][ln:329]
[2019-07-21 01:24:19,864][INFO] any info message - [id:10][instance:4] - [COMP-13][file-11.c][function-6][ln:914]
[2019-07-21 01:24:21,364][INFO] any info message - [id:10][instance:3] - [COMP-11][file-12.c][function-1][ln:709]
[2019-07-21 01:24:22,865][INFO] any info message - [id:10][instance:7] - [COMP-8][file-3.c][function-13][ln:698]
[2019-07-21 01:24:24,368][INFO] any info message - [id:10][instance:7] - [COMP-11][file-8.c][function-9][ln:472]
[2019-07-21 01:24:25,868][INFO] any info message - [id:10][instance:5] - [COMP-12][file-2.c][function-11][ln:68]
[2019-07-21 01:24:27,368][INFO] any info message - [id:10][instance:6] - [COMP-13][file-3.c][function-10][ln:819]
[2019-07-21 01:24:28,869][INFO] any info message - [id:10][instance:7] - [COMP-7][file-4.c][function-12][ln:866]
[2019-07-21 01:24:29,532][WARNING] Here is a warning message - [id:10][instance:4] - [COMP-13][file-4.c][function-12][ln:756]
[2019-07-21 01:24:29,839][DEBUG] any debug message - [id:10][instance:7] - [COMP-6][file-5.c][function-6][ln:428]
[2019-07-21 01:24:30,370][INFO] any info message - [id:10][instance:2] - [COMP-1][file-11.c][function-12][ln:703]
[2019-07-21 01:24:31,871][INFO] any info message - [id:10][instance:7] - [COMP-8][file-5.c][function-13][ln:182]
[2019-07-21 01:24:33,372][INFO] any info message - [id:10][instance:4] - [COMP-13][file-10.c][function-10][ln:120]
[2019-07-21 01:24:34,872][INFO] any info message - [id:10][instance:5] - [COMP-13][file-10.c][function-5][ln:285]
[2019-07-21 01:24:36,372][INFO] any info message - [id:10][instance:1] - [COMP-10][file-10.c][function-13][ln:730]
[2019-07-21 01:24:37,873][INFO] any info message - [id:10][instance:1] - [COMP-12][file-10.c][function-5][ln:554]
[2019-07-21 01:24:39,373][INFO] any info message - [id:10][instance:2] - [COMP-11][file-7.c][function-8][ln:959]
[2019-07-21 01:24:40,874][INFO] any info message - [id:10][instance:6] - [COMP-2][file-11.c][function-4][ln:866]
[2019-07-21 01:24:42,419][INFO] any info message - [id:10][instance:6] - [COMP-9][file-12.c][function-2][ln:65]
[2019-07-21 01:24:43,920][INFO] any info message - [id:10][instance:6] - [COMP-2][file-1.c][function-12][ln:799]
[2019-07-21 01:24:44,840][DEBUG] any debug message - [id:10][instance:2] - [COMP-7][file-7.c][function-1][ln:560]
[2019-07-21 01:24:45,420][INFO] any info message - [id:10][instance:2] - [COMP-13][file-7.c][function-7][ln:68]
[2019-07-21 01:24:46,921][INFO] any info message - [id:10][instance:3] - [COMP-10][file-12.c][function-6][ln:472]
[2019-07-21 01:24:48,422][INFO] any info message - [id:10][instance:5] - [COMP-1][file-4.c][function-11][ln:140]
[2019-07-21 01:24:49,922][INFO] any info message - [id:10][instance:4] - [COMP-3][file-9.c][function-3][ln:893]
[2019-07-21 01:24:51,424][INFO] any info message - [id:10][instance:4] - [COMP-7][file-6.c][function-13][ln:342]
[2019-07-21 01:24:52,924][INFO] any info message - [id:10][instance:1] - [COMP-5][file-1.c][function-2][ln:50]
[2019-07-21 01:24:54,424][INFO] any info message - [id:10][instance:6] - [COMP-13][file-9.c][function-5][ln:216]
[2019-07-21 01:24:55,925][INFO] any info message - [id:10][instance:1] - [COMP-7][file-3.c][function-7][ln:119]
[2019-07-21 01:24:57,426][INFO] any info message - [id:10][instance:5] - [COMP-2][file-2.c][function-4][ln:506]
[2019-07-21 01:24:58,928][INFO] any info message - [id:10][instance:1] - [COMP-13][file-6.c][function-12][ln:496]
[2019-07-21 01:24:59,090][CRITICAL] ATTENTION: This is a critical issue! - [id:10][instance:2] - [COMP-4][file-6.c][function-8][ln:115]
[2019-07-21 01:24:59,217][ERROR] It is an error message - [id:10][instance:3] - [COMP-5][file-2.c][function-4][ln:922]
[2019-07-21 01:24:59,533][WARNING] Here is a warning message - [id:10][instance:2] - [COMP-8][file-5.c][function-10][ln:47]
[2019-07-21 01:24:59,840][DEBUG] any debug message - [id:10][instance:4] - [COMP-7][file-4.c][function-5][ln:688]
[2019-07-21 01:25:00,427][INFO] any info message - [id:10][instance:1] - [COMP-8][file-6.c][function-12][ln:331]
[2019-07-21 01:25:01,929][INFO] any info message - [id:10][instance:3] - [COMP-12][file-10.c][function-3][ln:326]
[2019-07-21 01:25:03,429][INFO] any info message - [id:10][instance:1] - [COMP-2][file-6.c][function-3][ln:218]
[2019-07-21 01:25:04,929][INFO] any info message - [id:10][instance:5] - [COMP-6][file-6.c][function-4][ln:552]
[2019-07-21 01:25:06,431][INFO] any info message - [id:10][instance:6] - [COMP-3][file-10.c][function-4][ln:669]
[2019-07-21 01:25:07,935][INFO] any info message - [id:10][instance:2] - [COMP-6][file-1.c][function-4][ln:374]
[2019-07-21 01:25:09,435][INFO] any info message - [id:10][instance:5] - [COMP-5][file-3.c][function-13][ln:853]
[2019-07-21 01:25:10,936][INFO] any info message - [id:10][instance:7] - [COMP-13][file-4.c][function-12][ln:737]
[2019-07-21 01:25:12,437][INFO] any info message - [id:10][instance:4] - [COMP-8][file-12.c][function-8][ln:268]
[2019-07-21 01:25:13,938][INFO] any info message - [id:10][instance:4] - [COMP-8][file-12.c][function-13][ln:985]
[2019-07-21 01:25:14,892][DEBUG] any debug message - [id:10][instance:5] - [COMP-3][file-9.c][function-12][ln:394]
[2019-07-21 01:25:15,439][INFO] any info message - [id:10][instance:7] - [COMP-5][file-5.c][function-9][ln:572]
[2019-07-21 01:25:16,941][INFO] any info message - [id:10][instance:2] - [COMP-5][file-4.c][function-5][ln:456]
[2019-07-21 01:25:18,441][INFO] any info message - [id:10][instance:7] - [COMP-5][file-8.c][function-4][ln:22]
[2019-07-21 01:25:19,941][INFO] any info message - [id:10][instance:3] - [COMP-8][file-11.c][function-4][ln:958]
[2019-07-21 01:25:21,442][INFO] any info message - [id:10][instance:1] - [COMP-11][file-7.c][function-7][ln:771]
[2019-07-21 01:25:22,943][INFO] any info message - [id:10][instance:1] - [COMP-12][file-6.c][function-9][ln:101]
[2019-07-21 01:25:24,444][INFO] any info message - [id:10][instance:1] - [COMP-7][file-1.c][function-6][ln:674]
[2019-07-21 01:25:25,944][INFO] any info message - [id:10][instance:5] - [COMP-8][file-13.c][function-7][ln:729]
[2019-07-21 01:25:27,445][INFO] any info message - [id:10][instance:5] - [COMP-2][file-2.c][function-2][ln:935]
[2019-07-21 01:25:28,945][INFO] any info message - [id:10][instance:2] - [COMP-12][file-1.c][function-11][ln:537]
[2019-07-21 01:25:29,533][WARNING] Here is a warning message - [id:10][instance:1] - [COMP-5][file-9.c][function-4][ln:655]
[2019-07-21 01:25:29,893][DEBUG] any debug message - [id:10][instance:7] - [COMP-2][file-5.c][function-13][ln:446]
[2019-07-21 01:25:30,446][INFO] any info message - [id:10][instance:6] - [COMP-13][file-7.c][function-2][ln:482]
[2019-07-21 01:25:31,946][INFO] any info message - [id:10][instance:4] - [COMP-10][file-2.c][function-1][ln:225]
[2019-07-21 01:25:33,446][INFO] any info message - [id:10][instance:7] - [COMP-1][file-11.c][function-1][ln:84]
[2019-07-21 01:25:34,948][INFO] any info message - [id:10][instance:3] - [COMP-13][file-4.c][function-8][ln:690]
[2019-07-21 01:25:36,448][INFO] any info message - [id:10][instance:5] - [COMP-1][file-13.c][function-13][ln:300]
[2019-07-21 01:25:37,948][INFO] any info message - [id:10][instance:2] - [COMP-6][file-11.c][function-12][ln:446]
[2019-07-21 01:25:39,449][INFO] any info message - [id:10][instance:1] - [COMP-8][file-13.c][function-11][ln:190]
[2019-07-21 01:25:40,950][INFO] any info message - [id:10][instance:7] - [COMP-13][file-7.c][function-12][ln:5]
[2019-07-21 01:25:42,450][INFO] any info message - [id:10][instance:5] - [COMP-5][file-11.c][function-12][ln:623]
[2019-07-21 01:25:43,951][INFO] any info message - [id:10][instance:4] - [COMP-12][file-1.c][function-13][ln:510]
[2019-07-21 01:25:44,894][DEBUG] any debug message - [id:10][instance:3] - [COMP-1][file-5.c][function-13][ln:771]
[2019-07-21 01:25:45,452][INFO] any info message - [id:10][instance:5] - [COMP-10][file-10.c][function-13][ln:688]
[2019-07-21 01:25:46,952][INFO] any info message - [id:10][instance:5] - [COMP-8][file-1.c][function-7][ln:297]
[2019-07-21 01:25:48,452][INFO] any info message - [id:10][instance:4] - [COMP-11][file-6.c][function-9][ln:737]
[2019-07-21 01:25:49,952][INFO] any info message - [id:10][instance:7] - [COMP-13][file-12.c][function-7][ln:424]
[2019-07-21 01:25:51,453][INFO] any info message - [id:10][instance:5] - [COMP-13][file-11.c][function-12][ln:806]
[2019-07-21 01:25:52,953][INFO] any info message - [id:10][instance:5] - [COMP-13][file-1.c][function-12][ln:307]
[2019-07-21 01:25:54,453][INFO] any info message - [id:10][instance:6] - [COMP-7][file-4.c][function-13][ln:532]
[2019-07-21 01:25:55,954][INFO] any info message - [id:10][instance:7] - [COMP-9][file-5.c][function-1][ln:427]
[2019-07-21 01:25:57,454][INFO] any info message - [id:10][instance:5] - [COMP-12][file-2.c][function-6][ln:268]
[2019-07-21 01:25:58,954][INFO] any info message - [id:10][instance:7] - [COMP-8][file-10.c][function-9][ln:631]
[2019-07-21 01:25:59,220][ERROR] It is an error message - [id:10][instance:3] - [COMP-4][file-4.c][function-8][ln:462]
[2019-07-21 01:25:59,534][WARNING] Here is a warning message - [id:10][instance:5] - [COMP-9][file-6.c][function-9][ln:780]
[2019-07-21 01:25:59,895][DEBUG] any debug message - [id:10][instance:4] - [COMP-3][file-1.c][function-13][ln:96]
[2019-07-21 01:26:00,455][INFO] any info message - [id:10][instance:3] - [COMP-12][file-7.c][function-12][ln:802]
[2019-07-21 01:26:01,956][INFO] any info message - [id:10][instance:3] - [COMP-10][file-4.c][function-13][ln:695]
[2019-07-21 01:26:03,456][INFO] any info message - [id:10][instance:6] - [COMP-6][file-11.c][function-13][ln:492]
[2019-07-21 01:26:04,957][INFO] any info message - [id:10][instance:6] - [COMP-8][file-5.c][function-5][ln:169]
[2019-07-21 01:26:06,458][INFO] any info message - [id:10][instance:4] - [COMP-6][file-2.c][function-13][ln:721]
[2019-07-21 01:26:07,960][INFO] any info message - [id:10][instance:6] - [COMP-4][file-5.c][function-8][ln:480]
[2019-07-21 01:26:09,460][INFO] any info message - [id:10][instance:5] - [COMP-4][file-13.c][function-2][ln:836]
[2019-07-21 01:26:10,960][INFO] any info message - [id:10][instance:4] - [COMP-12][file-10.c][function-10][ln:826]
[2019-07-21 01:26:12,461][INFO] any info message - [id:10][instance:5] - [COMP-12][file-13.c][function-11][ln:161]
[2019-07-21 01:26:13,961][INFO] any info message - [id:10][instance:1] - [COMP-6][file-13.c][function-12][ln:568]
[2019-07-21 01:26:14,896][DEBUG] any debug message - [id:10][instance:6] - [COMP-4][file-10.c][function-10][ln:256]
[2019-07-21 01:26:15,461][INFO] any info message - [id:10][instance:3] - [COMP-7][file-6.c][function-8][ln:687]
[2019-07-21 01:26:16,962][INFO] any info message - [id:10][instance:5] - [COMP-6][file-2.c][function-5][ln:76]
[2019-07-21 01:26:18,483][INFO] any info message - [id:10][instance:6] - [COMP-9][file-3.c][function-8][ln:746]
[2019-07-21 01:26:20,008][INFO] any info message - [id:10][instance:5] - [COMP-8][file-10.c][function-10][ln:58]
[2019-07-21 01:26:21,509][INFO] any info message - [id:10][instance:3] - [COMP-10][file-5.c][function-11][ln:960]
[2019-07-21 01:26:23,009][INFO] any info message - [id:10][instance:3] - [COMP-1][file-6.c][function-8][ln:659]
[2019-07-21 01:26:24,509][INFO] any info message - [id:10][instance:1] - [COMP-7][file-2.c][function-5][ln:906]
[2019-07-21 01:26:26,010][INFO] any info message - [id:10][instance:7] - [COMP-8][file-4.c][function-7][ln:316]
[2019-07-21 01:26:27,511][INFO] any info message - [id:10][instance:5] - [COMP-7][file-6.c][function-10][ln:860]
[2019-07-21 01:26:29,015][INFO] any info message - [id:10][instance:3] - [COMP-2][file-3.c][function-9][ln:654]
[2019-07-21 01:26:29,534][WARNING] Here is a warning message - [id:10][instance:3] - [COMP-11][file-1.c][function-1][ln:24]
[2019-07-21 01:26:29,896][DEBUG] any debug message - [id:10][instance:1] - [COMP-7][file-7.c][function-12][ln:106]
[2019-07-21 01:26:30,515][INFO] any info message - [id:10][instance:4] - [COMP-9][file-7.c][function-3][ln:600]
[2019-07-21 01:26:32,015][INFO] any info message - [id:10][instance:1] - [COMP-2][file-1.c][function-11][ln:735]
[2019-07-21 01:26:33,517][INFO] any info message - [id:10][instance:6] - [COMP-8][file-5.c][function-13][ln:513]
[2019-07-21 01:26:35,017][INFO] any info message - [id:10][instance:4] - [COMP-7][file-3.c][function-9][ln:183]
[2019-07-21 01:26:36,518][INFO] any info message - [id:10][instance:7] - [COMP-3][file-4.c][function-6][ln:762]
[2019-07-21 01:26:38,019][INFO] any info message - [id:10][instance:5] - [COMP-13][file-1.c][function-4][ln:643]
[2019-07-21 01:26:39,520][INFO] any info message - [id:10][instance:1] - [COMP-12][file-2.c][function-1][ln:564]
[2019-07-21 01:26:41,020][INFO] any info message - [id:10][instance:3] - [COMP-7][file-7.c][function-3][ln:493]
[2019-07-21 01:26:42,536][INFO] any info message - [id:10][instance:5] - [COMP-11][file-9.c][function-13][ln:257]
[2019-07-21 01:26:44,122][INFO] any info message - [id:10][instance:1] - [COMP-13][file-1.c][function-3][ln:269]
[2019-07-21 01:26:44,898][DEBUG] any debug message - [id:10][instance:6] - [COMP-3][file-6.c][function-7][ln:604]
[2019-07-21 01:26:45,625][INFO] any info message - [id:10][instance:1] - [COMP-3][file-9.c][function-7][ln:578]
[2019-07-21 01:26:47,125][INFO] any info message - [id:10][instance:7] - [COMP-3][file-3.c][function-9][ln:938]
[2019-07-21 01:26:48,627][INFO] any info message - [id:10][instance:4] - [COMP-5][file-6.c][function-10][ln:111]
[2019-07-21 01:26:50,135][INFO] any info message - [id:10][instance:4] - [COMP-5][file-3.c][function-9][ln:628]
[2019-07-21 01:26:51,635][INFO] any info message - [id:10][instance:6] - [COMP-13][file-9.c][function-9][ln:430]
[2019-07-21 01:26:53,135][INFO] any info message - [id:10][instance:4] - [COMP-12][file-13.c][function-8][ln:18]
[2019-07-21 01:26:54,680][INFO] any info message - [id:10][instance:6] - [COMP-12][file-13.c][function-5][ln:677]
[2019-07-21 01:26:56,184][INFO] any info message - [id:10][instance:5] - [COMP-11][file-6.c][function-3][ln:186]
[2019-07-21 01:26:57,684][INFO] any info message - [id:10][instance:7] - [COMP-2][file-5.c][function-9][ln:514]
[2019-07-21 01:26:59,090][CRITICAL] ATTENTION: This is a critical issue! - [id:10][instance:7] - [COMP-6][file-2.c][function-1][ln:13]
[2019-07-21 01:26:59,184][INFO] any info message - [id:10][instance:1] - [COMP-3][file-2.c][function-3][ln:891]
[2019-07-21 01:26:59,220][ERROR] It is an error message - [id:10][instance:6] - [COMP-12][file-13.c][function-3][ln:365]
[2019-07-21 01:26:59,535][WARNING] Here is a warning message - [id:10][instance:6] - [COMP-11][file-9.c][function-12][ln:61]
[2019-07-21 01:26:59,898][DEBUG] any debug message - [id:10][instance:2] - [COMP-2][file-12.c][function-1][ln:183]
[2019-07-21 01:27:00,684][INFO] any info message - [id:10][instance:5] - [COMP-6][file-1.c][function-6][ln:945]
[2019-07-21 01:27:02,185][INFO] any info message - [id:10][instance:6] - [COMP-4][file-5.c][function-9][ln:406]
[2019-07-21 01:27:03,685][INFO] any info message - [id:10][instance:1] - [COMP-5][file-9.c][function-10][ln:282]
[2019-07-21 01:27:05,185][INFO] any info message - [id:10][instance:4] - [COMP-11][file-8.c][function-7][ln:333]
[2019-07-21 01:27:06,699][INFO] any info message - [id:10][instance:3] - [COMP-9][file-1.c][function-10][ln:513]
[2019-07-21 01:27:08,199][INFO] any info message - [id:10][instance:6] - [COMP-13][file-11.c][function-12][ln:565]
[2019-07-21 01:27:09,700][INFO] any info message - [id:10][instance:4] - [COMP-10][file-12.c][function-5][ln:940]
[2019-07-21 01:27:11,203][INFO] any info message - [id:10][instance:7] - [COMP-5][file-13.c][function-13][ln:85]
[2019-07-21 01:27:12,703][INFO] any info message - [id:10][instance:5] - [COMP-1][file-3.c][function-8][ln:663]
[2019-07-21 01:27:14,204][INFO] any info message - [id:10][instance:2] - [COMP-7][file-6.c][function-8][ln:886]
[2019-07-21 01:27:14,898][DEBUG] any debug message - [id:10][instance:5] - [COMP-10][file-4.c][function-7][ln:681]
[2019-07-21 01:27:15,710][INFO] any info message - [id:10][instance:7] - [COMP-10][file-13.c][function-5][ln:187]
[2019-07-21 01:27:17,211][INFO] any info message - [id:10][instance:4] - [COMP-10][file-7.c][function-12][ln:461]
[2019-07-21 01:27:18,713][INFO] any info message - [id:10][instance:4] - [COMP-10][file-10.c][function-4][ln:119]
[2019-07-21 01:27:20,213][INFO] any info message - [id:10][instance:6] - [COMP-4][file-2.c][function-10][ln:878]
[2019-07-21 01:27:21,714][INFO] any info message - [id:10][instance:7] - [COMP-9][file-10.c][function-9][ln:774]
[2019-07-21 01:27:23,215][INFO] any info message - [id:10][instance:4] - [COMP-6][file-10.c][function-1][ln:274]
[2019-07-21 01:27:24,716][INFO] any info message - [id:10][instance:6] - [COMP-3][file-10.c][function-10][ln:473]
[2019-07-21 01:27:26,217][INFO] any info message - [id:10][instance:7] - [COMP-7][file-4.c][function-4][ln:748]
[2019-07-21 01:27:27,717][INFO] any info message - [id:10][instance:4] - [COMP-7][file-8.c][function-2][ln:64]
[2019-07-21 01:27:29,218][INFO] any info message - [id:10][instance:3] - [COMP-4][file-12.c][function-7][ln:661]
[2019-07-21 01:27:29,544][WARNING] Here is a warning message - [id:10][instance:3] - [COMP-6][file-7.c][function-8][ln:728]
[2019-07-21 01:27:29,900][DEBUG] any debug message - [id:10][instance:3] - [COMP-6][file-9.c][function-1][ln:788]
[2019-07-21 01:27:30,718][INFO] any info message - [id:10][instance:6] - [COMP-6][file-2.c][function-4][ln:967]
[2019-07-21 01:27:32,227][INFO] any info message - [id:10][instance:3] - [COMP-11][file-9.c][function-4][ln:286]
[2019-07-21 01:27:33,727][INFO] any info message - [id:10][instance:1] - [COMP-1][file-4.c][function-12][ln:360]
[2019-07-21 01:27:35,227][INFO] any info message - [id:10][instance:2] - [COMP-6][file-7.c][function-2][ln:302]
[2019-07-21 01:27:36,727][INFO] any info message - [id:10][instance:1] - [COMP-4][file-2.c][function-5][ln:125]
[2019-07-21 01:27:38,240][INFO] any info message - [id:10][instance:3] - [COMP-6][file-10.c][function-11][ln:833]
[2019-07-21 01:27:39,740][INFO] any info message - [id:10][instance:1] - [COMP-4][file-10.c][function-7][ln:124]
[2019-07-21 01:27:41,241][INFO] any info message - [id:10][instance:5] - [COMP-4][file-3.c][function-9][ln:952]
[2019-07-21 01:27:42,744][INFO] any info message - [id:10][instance:2] - [COMP-10][file-12.c][function-2][ln:838]
[2019-07-21 01:27:44,245][INFO] any info message - [id:10][instance:6] - [COMP-12][file-2.c][function-8][ln:877]
[2019-07-21 01:27:44,912][DEBUG] any debug message - [id:10][instance:4] - [COMP-2][file-9.c][function-13][ln:729]
[2019-07-21 01:27:45,746][INFO] any info message - [id:10][instance:5] - [COMP-3][file-4.c][function-2][ln:431]
[2019-07-21 01:27:47,246][INFO] any info message - [id:10][instance:7] - [COMP-10][file-1.c][function-1][ln:277]
[2019-07-21 01:27:48,779][INFO] any info message - [id:10][instance:1] - [COMP-3][file-5.c][function-2][ln:631]
[2019-07-21 01:27:50,279][INFO] any info message - [id:10][instance:4] - [COMP-1][file-12.c][function-9][ln:530]
[2019-07-21 01:27:51,780][INFO] any info message - [id:10][instance:4] - [COMP-2][file-11.c][function-4][ln:610]
[2019-07-21 01:27:53,289][INFO] any info message - [id:10][instance:6] - [COMP-11][file-6.c][function-7][ln:246]
[2019-07-21 01:27:54,804][INFO] any info message - [id:10][instance:5] - [COMP-6][file-4.c][function-7][ln:916]
[2019-07-21 01:27:56,304][INFO] any info message - [id:10][instance:4] - [COMP-5][file-10.c][function-10][ln:628]
[2019-07-21 01:27:57,805][INFO] any info message - [id:10][instance:4] - [COMP-8][file-10.c][function-10][ln:116]
[2019-07-21 01:27:59,221][ERROR] It is an error message - [id:10][instance:6] - [COMP-13][file-11.c][function-6][ln:797]
[2019-07-21 01:27:59,308][INFO] any info message - [id:10][instance:6] - [COMP-6][file-7.c][function-5][ln:747]
[2019-07-21 01:27:59,557][WARNING] Here is a warning message - [id:10][instance:7] - [COMP-10][file-5.c][function-6][ln:399]
[2019-07-21 01:27:59,914][DEBUG] any debug message - [id:10][instance:1] - [COMP-11][file-2.c][function-5][ln:683]
[2019-07-21 01:28:00,808][INFO] any info message - [id:10][instance:5] - [COMP-1][file-13.c][function-13][ln:812]
[2019-07-21 01:28:02,312][INFO] any info message - [id:10][instance:6] - [COMP-8][file-1.c][function-9][ln:442]
[2019-07-21 01:28:03,816][INFO] any info message - [id:10][instance:7] - [COMP-4][file-8.c][function-5][ln:633]
[2019-07-21 01:28:05,317][INFO] any info message - [id:10][instance:3] - [COMP-5][file-6.c][function-9][ln:633]
[2019-07-21 01:28:06,817][INFO] any info message - [id:10][instance:1] - [COMP-6][file-1.c][function-3][ln:54]
[2019-07-21 01:28:08,318][INFO] any info message - [id:10][instance:7] - [COMP-7][file-11.c][function-2][ln:602]
[2019-07-21 01:28:09,818][INFO] any info message - [id:10][instance:4] - [COMP-6][file-2.c][function-2][ln:790]
[2019-07-21 01:28:11,320][INFO] any info message - [id:10][instance:3] - [COMP-13][file-2.c][function-8][ln:874]
[2019-07-21 01:28:12,821][INFO] any info message - [id:10][instance:2] - [COMP-6][file-1.c][function-2][ln:451]
[2019-07-21 01:28:14,322][INFO] any info message - [id:10][instance:4] - [COMP-8][file-9.c][function-1][ln:622]
[2019-07-21 01:28:14,915][DEBUG] any debug message - [id:10][instance:4] - [COMP-12][file-1.c][function-5][ln:716]
[2019-07-21 01:28:15,823][INFO] any info message - [id:10][instance:7] - [COMP-9][file-1.c][function-8][ln:39]
[2019-07-21 01:28:17,325][INFO] any info message - [id:10][instance:7] - [COMP-7][file-8.c][function-2][ln:226]
[2019-07-21 01:28:18,839][INFO] any info message - [id:10][instance:7] - [COMP-7][file-1.c][function-3][ln:48]
[2019-07-21 01:28:20,340][INFO] any info message - [id:10][instance:1] - [COMP-10][file-1.c][function-2][ln:718]
[2019-07-21 01:28:21,840][INFO] any info message - [id:10][instance:5] - [COMP-8][file-7.c][function-4][ln:868]
[2019-07-21 01:28:23,352][INFO] any info message - [id:10][instance:4] - [COMP-10][file-9.c][function-5][ln:65]
[2019-07-21 01:28:24,854][INFO] any info message - [id:10][instance:5] - [COMP-5][file-10.c][function-3][ln:58]
[2019-07-21 01:28:26,355][INFO] any info message - [id:10][instance:4] - [COMP-10][file-6.c][function-11][ln:37]
[2019-07-21 01:28:27,874][INFO] any info message - [id:10][instance:2] - [COMP-7][file-11.c][function-11][ln:544]
[2019-07-21 01:28:29,378][INFO] any info message - [id:10][instance:7] - [COMP-10][file-7.c][function-13][ln:855]
[2019-07-21 01:28:29,558][WARNING] Here is a warning message - [id:10][instance:4] - [COMP-4][file-10.c][function-4][ln:478]
[2019-07-21 01:28:29,915][DEBUG] any debug message - [id:10][instance:6] - [COMP-10][file-11.c][function-9][ln:263]
[2019-07-21 01:28:30,882][INFO] any info message - [id:10][instance:3] - [COMP-1][file-9.c][function-6][ln:860]
[2019-07-21 01:28:32,419][INFO] any info message - [id:10][instance:1] - [COMP-13][file-12.c][function-6][ln:420]
[2019-07-21 01:28:34,004][INFO] any info message - [id:10][instance:5] - [COMP-9][file-10.c][function-10][ln:314]
[2019-07-21 01:28:35,505][INFO] any info message - [id:10][instance:1] - [COMP-5][file-9.c][function-3][ln:139]
[2019-07-21 01:28:37,006][INFO] any info message - [id:10][instance:2] - [COMP-9][file-2.c][function-7][ln:430]
[2019-07-21 01:28:38,533][INFO] any info message - [id:10][instance:3] - [COMP-11][file-3.c][function-13][ln:829]
[2019-07-21 01:28:40,281][INFO] any info message - [id:10][instance:5] - [COMP-10][file-7.c][function-8][ln:850]
[2019-07-21 01:28:41,781][INFO] any info message - [id:10][instance:7] - [COMP-2][file-3.c][function-8][ln:905]
[2019-07-21 01:28:43,459][INFO] any info message - [id:10][instance:6] - [COMP-6][file-8.c][function-9][ln:825]
[2019-07-21 01:28:44,918][DEBUG] any debug message - [id:10][instance:7] - [COMP-8][file-5.c][function-8][ln:311]
[2019-07-21 01:28:44,971][INFO] any info message - [id:10][instance:2] - [COMP-9][file-2.c][function-6][ln:11]
[2019-07-21 01:28:46,471][INFO] any info message - [id:10][instance:4] - [COMP-3][file-11.c][function-12][ln:174]
[2019-07-21 01:28:47,972][INFO] any info message - [id:10][instance:3] - [COMP-2][file-3.c][function-3][ln:385]
[2019-07-21 01:28:49,492][INFO] any info message - [id:10][instance:2] - [COMP-5][file-5.c][function-7][ln:688]
[2019-07-21 01:28:50,992][INFO] any info message - [id:10][instance:7] - [COMP-7][file-10.c][function-11][ln:590]
[2019-07-21 01:28:52,492][INFO] any info message - [id:10][instance:7] - [COMP-1][file-6.c][function-7][ln:990]
[2019-07-21 01:28:53,994][INFO] any info message - [id:10][instance:7] - [COMP-7][file-1.c][function-7][ln:254]
[2019-07-21 01:28:55,494][INFO] any info message - [id:10][instance:3] - [COMP-3][file-4.c][function-4][ln:703]
[2019-07-21 01:28:56,995][INFO] any info message - [id:10][instance:5] - [COMP-7][file-9.c][function-10][ln:256]
[2019-07-21 01:28:58,496][INFO] any info message - [id:10][instance:7] - [COMP-4][file-7.c][function-1][ln:156]
[2019-07-21 01:28:59,098][CRITICAL] ATTENTION: This is a critical issue! - [id:10][instance:6] - [COMP-8][file-8.c][function-1][ln:756]
[2019-07-21 01:28:59,260][ERROR] It is an error message - [id:10][instance:2] - [COMP-7][file-10.c][function-12][ln:77]
[2019-07-21 01:28:59,559][WARNING] Here is a warning message - [id:10][instance:7] - [COMP-8][file-5.c][function-8][ln:425]
[2019-07-21 01:28:59,919][DEBUG] any debug message - [id:10][instance:5] - [COMP-4][file-1.c][function-3][ln:925]
[2019-07-21 01:28:59,996][INFO] any info message - [id:10][instance:7] - [COMP-1][file-5.c][function-9][ln:768]
[2019-07-21 01:29:01,531][INFO] any info message - [id:10][instance:1] - [COMP-13][file-4.c][function-13][ln:174]
[2019-07-21 01:29:03,031][INFO] any info message - [id:10][instance:1] - [COMP-8][file-1.c][function-4][ln:137]
[2019-07-21 01:29:04,532][INFO] any info message - [id:10][instance:3] - [COMP-1][file-5.c][function-2][ln:91]
[2019-07-21 01:29:06,032][INFO] any info message - [id:10][instance:1] - [COMP-4][file-5.c][function-13][ln:58]
[2019-07-21 01:29:07,533][INFO] any info message - [id:10][instance:3] - [COMP-12][file-7.c][function-10][ln:452]
[2019-07-21 01:29:09,033][INFO] any info message - [id:10][instance:6] - [COMP-11][file-7.c][function-12][ln:141]
[2019-07-21 01:29:10,535][INFO] any info message - [id:10][instance:7] - [COMP-8][file-10.c][function-13][ln:78]
[2019-07-21 01:29:12,036][INFO] any info message - [id:10][instance:4] - [COMP-9][file-7.c][function-3][ln:214]
[2019-07-21 01:29:13,538][INFO] any info message - [id:10][instance:7] - [COMP-3][file-4.c][function-13][ln:918]
[2019-07-21 01:29:14,920][DEBUG] any debug message - [id:10][instance:4] - [COMP-6][file-8.c][function-7][ln:650]
[2019-07-21 01:29:15,038][INFO] any info message - [id:10][instance:5] - [COMP-8][file-10.c][function-5][ln:3]
[2019-07-21 01:29:16,538][INFO] any info message - [id:10][instance:7] - [COMP-11][file-10.c][function-4][ln:679]
[2019-07-21 01:29:18,039][INFO] any info message - [id:10][instance:6] - [COMP-1][file-1.c][function-9][ln:659]
[2019-07-21 01:29:19,540][INFO] any info message - [id:10][instance:1] - [COMP-8][file-6.c][function-1][ln:846]
[2019-07-21 01:29:21,041][INFO] any info message - [id:10][instance:3] - [COMP-6][file-8.c][function-13][ln:202]
[2019-07-21 01:29:22,543][INFO] any info message - [id:10][instance:3] - [COMP-7][file-6.c][function-9][ln:549]
[2019-07-21 01:29:24,043][INFO] any info message - [id:10][instance:5] - [COMP-3][file-9.c][function-3][ln:257]
[2019-07-21 01:29:25,543][INFO] any info message - [id:10][instance:6] - [COMP-9][file-10.c][function-7][ln:665]
[2019-07-21 01:29:27,043][INFO] any info message - [id:10][instance:6] - [COMP-1][file-5.c][function-7][ln:757]
[2019-07-21 01:29:28,544][INFO] any info message - [id:10][instance:1] - [COMP-13][file-12.c][function-3][ln:252]
[2019-07-21 01:29:29,560][WARNING] Here is a warning message - [id:10][instance:7] - [COMP-11][file-7.c][function-4][ln:395]
[2019-07-21 01:29:29,920][DEBUG] any debug message - [id:10][instance:6] - [COMP-10][file-2.c][function-8][ln:66]
[2019-07-21 01:29:30,044][INFO] any info message - [id:10][instance:2] - [COMP-1][file-12.c][function-8][ln:605]
[2019-07-21 01:29:31,544][INFO] any info message - [id:10][instance:1] - [COMP-7][file-2.c][function-10][ln:424]
[2019-07-21 01:29:33,045][INFO] any info message - [id:10][instance:2] - [COMP-7][file-12.c][function-2][ln:106]
[2019-07-21 01:29:34,546][INFO] any info message - [id:10][instance:2] - [COMP-7][file-3.c][function-11][ln:977]
[2019-07-21 01:29:36,046][INFO] any info message - [id:10][instance:2] - [COMP-13][file-5.c][function-13][ln:746]
[2019-07-21 01:29:37,546][INFO] any info message - [id:10][instance:1] - [COMP-7][file-12.c][function-2][ln:348]
[2019-07-21 01:29:39,046][INFO] any info message - [id:10][instance:5] - [COMP-5][file-10.c][function-12][ln:898]
[2019-07-21 01:29:40,546][INFO] any info message - [id:10][instance:3] - [COMP-2][file-12.c][function-7][ln:633]
[2019-07-21 01:29:42,046][INFO] any info message - [id:10][instance:4] - [COMP-12][file-7.c][function-12][ln:327]
[2019-07-21 01:29:43,547][INFO] any info message - [id:10][instance:6] - [COMP-8][file-4.c][function-12][ln:425]
[2019-07-21 01:29:44,920][DEBUG] any debug message - [id:10][instance:1] - [COMP-12][file-9.c][function-2][ln:887]
[2019-07-21 01:29:45,048][INFO] any info message - [id:10][instance:3] - [COMP-12][file-7.c][function-6][ln:504]
[2019-07-21 01:29:46,548][INFO] any info message - [id:10][instance:1] - [COMP-2][file-7.c][function-9][ln:368]
[2019-07-21 01:29:48,048][INFO] any info message - [id:10][instance:2] - [COMP-12][file-1.c][function-7][ln:931]
[2019-07-21 01:29:49,548][INFO] any info message - [id:10][instance:2] - [COMP-13][file-6.c][function-7][ln:3]
[2019-07-21 01:29:51,048][INFO] any info message - [id:10][instance:1] - [COMP-8][file-5.c][function-1][ln:635]
[2019-07-21 01:29:52,548][INFO] any info message - [id:10][instance:5] - [COMP-8][file-3.c][function-12][ln:246]
[2019-07-21 01:29:54,049][INFO] any info message - [id:10][instance:2] - [COMP-6][file-5.c][function-6][ln:187]
